{"C:\\Apps\\Media\\Images\\squoosh\\src\\cli\\batch\\scanner.ts": {"path":"C:\\Apps\\Media\\Images\\squoosh\\src\\cli\\batch\\scanner.ts","statementMap":{"0":{"start":{"line":28,"column":20},"end":{"line":28,"column":null}},"1":{"start":{"line":30,"column":2},"end":{"line":37,"column":null}},"2":{"start":{"line":32,"column":10},"end":{"line":32,"column":null}},"3":{"start":{"line":33,"column":4},"end":{"line":35,"column":null}},"4":{"start":{"line":34,"column":6},"end":{"line":34,"column":null}},"5":{"start":{"line":36,"column":4},"end":{"line":36,"column":null}},"6":{"start":{"line":39,"column":2},"end":{"line":55,"column":null}},"7":{"start":{"line":42,"column":23},"end":{"line":44,"column":null}},"8":{"start":{"line":45,"column":20},"end":{"line":47,"column":null}},"9":{"start":{"line":49,"column":4},"end":{"line":54,"column":null}},"10":{"start":{"line":57,"column":2},"end":{"line":57,"column":null}},"11":{"start":{"line":66,"column":2},"end":{"line":66,"column":null}},"12":{"start":{"line":66,"column":39},"end":{"line":66,"column":80}},"13":{"start":{"line":72,"column":34},"end":{"line":72,"column":null}}},"fnMap":{"0":{"name":"scanFiles","decl":{"start":{"line":27,"column":22},"end":{"line":27,"column":32}},"loc":{"start":{"line":27,"column":88},"end":{"line":58,"column":null}},"line":27},"1":{"name":"parseExtensions","decl":{"start":{"line":65,"column":16},"end":{"line":65,"column":32}},"loc":{"start":{"line":65,"column":61},"end":{"line":67,"column":null}},"line":65},"2":{"name":"(anonymous_2)","decl":{"start":{"line":66,"column":34},"end":{"line":66,"column":39}},"loc":{"start":{"line":66,"column":39},"end":{"line":66,"column":80}},"line":66}},"branchMap":{"0":{"loc":{"start":{"line":30,"column":2},"end":{"line":37,"column":null}},"type":"if","locations":[{"start":{"line":30,"column":2},"end":{"line":37,"column":null}},{"start":{},"end":{}}],"line":30},"1":{"loc":{"start":{"line":33,"column":4},"end":{"line":35,"column":null}},"type":"if","locations":[{"start":{"line":33,"column":4},"end":{"line":35,"column":null}},{"start":{},"end":{}}],"line":33},"2":{"loc":{"start":{"line":39,"column":2},"end":{"line":55,"column":null}},"type":"if","locations":[{"start":{"line":39,"column":2},"end":{"line":55,"column":null}},{"start":{},"end":{}}],"line":39},"3":{"loc":{"start":{"line":42,"column":23},"end":{"line":44,"column":null}},"type":"cond-expr","locations":[{"start":{"line":43,"column":8},"end":{"line":43,"column":null}},{"start":{"line":44,"column":8},"end":{"line":44,"column":null}}],"line":42},"4":{"loc":{"start":{"line":45,"column":20},"end":{"line":47,"column":null}},"type":"cond-expr","locations":[{"start":{"line":46,"column":8},"end":{"line":46,"column":null}},{"start":{"line":47,"column":8},"end":{"line":47,"column":null}}],"line":45}},"s":{"0":18,"1":16,"2":10,"3":10,"4":7,"5":3,"6":6,"7":5,"8":5,"9":5,"10":1,"11":18,"12":143,"13":3},"f":{"0":18,"1":18,"2":143},"b":{"0":[10,6],"1":[7,3],"2":[5,1],"3":[1,4],"4":[1,4]},"meta":{"lastBranch":5,"lastFunction":3,"lastStatement":14,"seen":{"f:27:22:27:32":0,"s:28:20:28:Infinity":0,"b:30:2:37:Infinity:undefined:undefined:undefined:undefined":0,"s:30:2:37:Infinity":1,"s:32:10:32:Infinity":2,"b:33:4:35:Infinity:undefined:undefined:undefined:undefined":1,"s:33:4:35:Infinity":3,"s:34:6:34:Infinity":4,"s:36:4:36:Infinity":5,"b:39:2:55:Infinity:undefined:undefined:undefined:undefined":2,"s:39:2:55:Infinity":6,"s:42:23:44:Infinity":7,"b:43:8:43:Infinity:44:8:44:Infinity":3,"s:45:20:47:Infinity":8,"b:46:8:46:Infinity:47:8:47:Infinity":4,"s:49:4:54:Infinity":9,"s:57:2:57:Infinity":10,"f:65:16:65:32":1,"s:66:2:66:Infinity":11,"f:66:34:66:39":2,"s:66:39:66:80":12,"s:72:34:72:Infinity":13}}}
,"C:\\Apps\\Media\\Images\\squoosh\\src\\cli\\codecs\\index.ts": {"path":"C:\\Apps\\Media\\Images\\squoosh\\src\\cli\\codecs\\index.ts","statementMap":{"0":{"start":{"line":45,"column":51},"end":{"line":109,"column":null}},"1":{"start":{"line":117,"column":2},"end":{"line":117,"column":null}},"2":{"start":{"line":125,"column":2},"end":{"line":125,"column":null}},"3":{"start":{"line":133,"column":2},"end":{"line":133,"column":null}},"4":{"start":{"line":144,"column":14},"end":{"line":144,"column":null}},"5":{"start":{"line":145,"column":2},"end":{"line":145,"column":null}},"6":{"start":{"line":145,"column":49},"end":{"line":145,"column":72}},"7":{"start":{"line":154,"column":2},"end":{"line":154,"column":null}},"8":{"start":{"line":154,"column":49},"end":{"line":154,"column":76}}},"fnMap":{"0":{"name":"getEncoder","decl":{"start":{"line":116,"column":16},"end":{"line":116,"column":27}},"loc":{"start":{"line":116,"column":64},"end":{"line":118,"column":null}},"line":116},"1":{"name":"listEncoders","decl":{"start":{"line":124,"column":16},"end":{"line":124,"column":41}},"loc":{"start":{"line":124,"column":41},"end":{"line":126,"column":null}},"line":124},"2":{"name":"getAllEncoders","decl":{"start":{"line":132,"column":16},"end":{"line":132,"column":46}},"loc":{"start":{"line":132,"column":46},"end":{"line":134,"column":null}},"line":132},"3":{"name":"getEncoderByExtension","decl":{"start":{"line":141,"column":16},"end":{"line":141,"column":null}},"loc":{"start":{"line":143,"column":25},"end":{"line":146,"column":null}},"line":143},"4":{"name":"(anonymous_4)","decl":{"start":{"line":145,"column":38},"end":{"line":145,"column":39}},"loc":{"start":{"line":145,"column":49},"end":{"line":145,"column":72}},"line":145},"5":{"name":"getEncoderByMimeType","decl":{"start":{"line":153,"column":16},"end":{"line":153,"column":37}},"loc":{"start":{"line":153,"column":78},"end":{"line":155,"column":null}},"line":153},"6":{"name":"(anonymous_6)","decl":{"start":{"line":154,"column":38},"end":{"line":154,"column":39}},"loc":{"start":{"line":154,"column":49},"end":{"line":154,"column":76}},"line":154}},"branchMap":{"0":{"loc":{"start":{"line":144,"column":14},"end":{"line":144,"column":null}},"type":"cond-expr","locations":[{"start":{"line":144,"column":42},"end":{"line":144,"column":63}},{"start":{"line":144,"column":63},"end":{"line":144,"column":null}}],"line":144}},"s":{"0":2,"1":16,"2":4,"3":7,"4":24,"5":24,"6":117,"7":14,"8":73},"f":{"0":16,"1":4,"2":7,"3":24,"4":117,"5":14,"6":73},"b":{"0":[11,13]},"meta":{"lastBranch":1,"lastFunction":7,"lastStatement":9,"seen":{"s:45:51:109:Infinity":0,"f:116:16:116:27":0,"s:117:2:117:Infinity":1,"f:124:16:124:41":1,"s:125:2:125:Infinity":2,"f:132:16:132:46":2,"s:133:2:133:Infinity":3,"f:141:16:141:Infinity":3,"s:144:14:144:Infinity":4,"b:144:42:144:63:144:63:144:Infinity":0,"s:145:2:145:Infinity":5,"f:145:38:145:39":4,"s:145:49:145:72":6,"f:153:16:153:37":5,"s:154:2:154:Infinity":7,"f:154:38:154:39":6,"s:154:49:154:76":8}}}
,"C:\\Apps\\Media\\Images\\squoosh\\src\\cli\\utils\\image-data.ts": {"path":"C:\\Apps\\Media\\Images\\squoosh\\src\\cli\\utils\\image-data.ts","statementMap":{"0":{"start":{"line":16,"column":6},"end":{"line":16,"column":null}},"1":{"start":{"line":17,"column":6},"end":{"line":17,"column":null}},"2":{"start":{"line":19,"column":10},"end":{"line":19,"column":null}},"3":{"start":{"line":21,"column":0},"end":{"line":23,"column":null}},"4":{"start":{"line":22,"column":2},"end":{"line":22,"column":null}},"5":{"start":{"line":24,"column":0},"end":{"line":26,"column":null}},"6":{"start":{"line":25,"column":2},"end":{"line":25,"column":null}},"7":{"start":{"line":29,"column":0},"end":{"line":31,"column":null}},"8":{"start":{"line":30,"column":2},"end":{"line":30,"column":null}},"9":{"start":{"line":72,"column":4},"end":{"line":137,"column":null}},"10":{"start":{"line":74,"column":20},"end":{"line":74,"column":null}},"11":{"start":{"line":75,"column":21},"end":{"line":75,"column":null}},"12":{"start":{"line":77,"column":8},"end":{"line":77,"column":null}},"13":{"start":{"line":79,"column":6},"end":{"line":83,"column":null}},"14":{"start":{"line":80,"column":8},"end":{"line":82,"column":null}},"15":{"start":{"line":84,"column":6},"end":{"line":88,"column":null}},"16":{"start":{"line":85,"column":8},"end":{"line":87,"column":null}},"17":{"start":{"line":90,"column":6},"end":{"line":90,"column":null}},"18":{"start":{"line":91,"column":6},"end":{"line":91,"column":null}},"19":{"start":{"line":92,"column":6},"end":{"line":92,"column":null}},"20":{"start":{"line":93,"column":6},"end":{"line":93,"column":null}},"21":{"start":{"line":96,"column":19},"end":{"line":96,"column":null}},"22":{"start":{"line":97,"column":20},"end":{"line":97,"column":null}},"23":{"start":{"line":101,"column":6},"end":{"line":108,"column":null}},"24":{"start":{"line":102,"column":8},"end":{"line":102,"column":null}},"25":{"start":{"line":103,"column":8},"end":{"line":103,"column":null}},"26":{"start":{"line":106,"column":8},"end":{"line":106,"column":null}},"27":{"start":{"line":107,"column":8},"end":{"line":107,"column":null}},"28":{"start":{"line":110,"column":6},"end":{"line":114,"column":null}},"29":{"start":{"line":111,"column":8},"end":{"line":113,"column":null}},"30":{"start":{"line":115,"column":6},"end":{"line":119,"column":null}},"31":{"start":{"line":116,"column":8},"end":{"line":118,"column":null}},"32":{"start":{"line":120,"column":6},"end":{"line":124,"column":null}},"33":{"start":{"line":121,"column":8},"end":{"line":123,"column":null}},"34":{"start":{"line":126,"column":29},"end":{"line":126,"column":null}},"35":{"start":{"line":127,"column":6},"end":{"line":131,"column":null}},"36":{"start":{"line":128,"column":8},"end":{"line":130,"column":null}},"37":{"start":{"line":133,"column":6},"end":{"line":133,"column":null}},"38":{"start":{"line":134,"column":6},"end":{"line":134,"column":null}},"39":{"start":{"line":135,"column":6},"end":{"line":135,"column":null}},"40":{"start":{"line":136,"column":6},"end":{"line":136,"column":null}},"41":{"start":{"line":142,"column":0},"end":{"line":144,"column":null}},"42":{"start":{"line":143,"column":3},"end":{"line":143,"column":null}}},"fnMap":{"0":{"name":"(anonymous_0)","decl":{"start":{"line":66,"column":2},"end":{"line":66,"column":null}},"loc":{"start":{"line":71,"column":4},"end":{"line":138,"column":null}},"line":71}},"branchMap":{"0":{"loc":{"start":{"line":21,"column":0},"end":{"line":23,"column":null}},"type":"if","locations":[{"start":{"line":21,"column":0},"end":{"line":23,"column":null}},{"start":{},"end":{}}],"line":21},"1":{"loc":{"start":{"line":24,"column":0},"end":{"line":26,"column":null}},"type":"if","locations":[{"start":{"line":24,"column":0},"end":{"line":26,"column":null}},{"start":{},"end":{}}],"line":24},"2":{"loc":{"start":{"line":29,"column":0},"end":{"line":31,"column":null}},"type":"if","locations":[{"start":{"line":29,"column":0},"end":{"line":31,"column":null}},{"start":{},"end":{}}],"line":29},"3":{"loc":{"start":{"line":72,"column":4},"end":{"line":137,"column":null}},"type":"if","locations":[{"start":{"line":72,"column":4},"end":{"line":137,"column":null}},{"start":{"line":94,"column":11},"end":{"line":137,"column":null}}],"line":72},"4":{"loc":{"start":{"line":77,"column":8},"end":{"line":77,"column":null}},"type":"cond-expr","locations":[{"start":{"line":77,"column":47},"end":{"line":77,"column":66}},{"start":{"line":77,"column":66},"end":{"line":77,"column":null}}],"line":77},"5":{"loc":{"start":{"line":79,"column":6},"end":{"line":83,"column":null}},"type":"if","locations":[{"start":{"line":79,"column":6},"end":{"line":83,"column":null}},{"start":{},"end":{}}],"line":79},"6":{"loc":{"start":{"line":79,"column":10},"end":{"line":79,"column":50}},"type":"binary-expr","locations":[{"start":{"line":79,"column":10},"end":{"line":79,"column":38}},{"start":{"line":79,"column":38},"end":{"line":79,"column":50}}],"line":79},"7":{"loc":{"start":{"line":84,"column":6},"end":{"line":88,"column":null}},"type":"if","locations":[{"start":{"line":84,"column":6},"end":{"line":88,"column":null}},{"start":{},"end":{}}],"line":84},"8":{"loc":{"start":{"line":84,"column":10},"end":{"line":84,"column":52}},"type":"binary-expr","locations":[{"start":{"line":84,"column":10},"end":{"line":84,"column":39}},{"start":{"line":84,"column":39},"end":{"line":84,"column":52}}],"line":84},"9":{"loc":{"start":{"line":93,"column":24},"end":{"line":93,"column":null}},"type":"binary-expr","locations":[{"start":{"line":93,"column":24},"end":{"line":93,"column":44}},{"start":{"line":93,"column":44},"end":{"line":93,"column":null}}],"line":93},"10":{"loc":{"start":{"line":101,"column":6},"end":{"line":108,"column":null}},"type":"if","locations":[{"start":{"line":101,"column":6},"end":{"line":108,"column":null}},{"start":{"line":104,"column":13},"end":{"line":108,"column":null}}],"line":101},"11":{"loc":{"start":{"line":110,"column":6},"end":{"line":114,"column":null}},"type":"if","locations":[{"start":{"line":110,"column":6},"end":{"line":114,"column":null}},{"start":{},"end":{}}],"line":110},"12":{"loc":{"start":{"line":115,"column":6},"end":{"line":119,"column":null}},"type":"if","locations":[{"start":{"line":115,"column":6},"end":{"line":119,"column":null}},{"start":{},"end":{}}],"line":115},"13":{"loc":{"start":{"line":115,"column":10},"end":{"line":115,"column":50}},"type":"binary-expr","locations":[{"start":{"line":115,"column":10},"end":{"line":115,"column":38}},{"start":{"line":115,"column":38},"end":{"line":115,"column":50}}],"line":115},"14":{"loc":{"start":{"line":120,"column":6},"end":{"line":124,"column":null}},"type":"if","locations":[{"start":{"line":120,"column":6},"end":{"line":124,"column":null}},{"start":{},"end":{}}],"line":120},"15":{"loc":{"start":{"line":120,"column":10},"end":{"line":120,"column":52}},"type":"binary-expr","locations":[{"start":{"line":120,"column":10},"end":{"line":120,"column":39}},{"start":{"line":120,"column":39},"end":{"line":120,"column":52}}],"line":120},"16":{"loc":{"start":{"line":127,"column":6},"end":{"line":131,"column":null}},"type":"if","locations":[{"start":{"line":127,"column":6},"end":{"line":131,"column":null}},{"start":{},"end":{}}],"line":127},"17":{"loc":{"start":{"line":136,"column":24},"end":{"line":136,"column":null}},"type":"binary-expr","locations":[{"start":{"line":136,"column":24},"end":{"line":136,"column":44}},{"start":{"line":136,"column":44},"end":{"line":136,"column":null}}],"line":136},"18":{"loc":{"start":{"line":142,"column":0},"end":{"line":144,"column":null}},"type":"if","locations":[{"start":{"line":142,"column":0},"end":{"line":144,"column":null}},{"start":{},"end":{}}],"line":142}},"s":{"0":3,"1":3,"2":3,"3":3,"4":3,"5":3,"6":3,"7":3,"8":3,"9":21,"10":12,"11":12,"12":12,"13":12,"14":4,"15":8,"16":4,"17":4,"18":4,"19":4,"20":4,"21":9,"22":9,"23":9,"24":8,"25":8,"26":1,"27":1,"28":9,"29":2,"30":7,"31":1,"32":6,"33":1,"34":5,"35":5,"36":2,"37":3,"38":3,"39":3,"40":3,"41":3,"42":3},"f":{"0":21},"b":{"0":[3,0],"1":[3,0],"2":[3,0],"3":[12,9],"4":[1,11],"5":[4,8],"6":[12,11],"7":[4,4],"8":[8,7],"9":[4,3],"10":[8,1],"11":[2,7],"12":[1,6],"13":[7,7],"14":[1,5],"15":[6,6],"16":[2,3],"17":[3,2],"18":[3,0]},"meta":{"lastBranch":19,"lastFunction":1,"lastStatement":43,"seen":{"s:16:6:16:Infinity":0,"s:17:6:17:Infinity":1,"s:19:10:19:Infinity":2,"b:21:0:23:Infinity:undefined:undefined:undefined:undefined":0,"s:21:0:23:Infinity":3,"s:22:2:22:Infinity":4,"b:24:0:26:Infinity:undefined:undefined:undefined:undefined":1,"s:24:0:26:Infinity":5,"s:25:2:25:Infinity":6,"b:29:0:31:Infinity:undefined:undefined:undefined:undefined":2,"s:29:0:31:Infinity":7,"s:30:2:30:Infinity":8,"f:66:2:66:Infinity":0,"b:72:4:137:Infinity:94:11:137:Infinity":3,"s:72:4:137:Infinity":9,"s:74:20:74:Infinity":10,"s:75:21:75:Infinity":11,"s:77:8:77:Infinity":12,"b:77:47:77:66:77:66:77:Infinity":4,"b:79:6:83:Infinity:undefined:undefined:undefined:undefined":5,"s:79:6:83:Infinity":13,"b:79:10:79:38:79:38:79:50":6,"s:80:8:82:Infinity":14,"b:84:6:88:Infinity:undefined:undefined:undefined:undefined":7,"s:84:6:88:Infinity":15,"b:84:10:84:39:84:39:84:52":8,"s:85:8:87:Infinity":16,"s:90:6:90:Infinity":17,"s:91:6:91:Infinity":18,"s:92:6:92:Infinity":19,"s:93:6:93:Infinity":20,"b:93:24:93:44:93:44:93:Infinity":9,"s:96:19:96:Infinity":21,"s:97:20:97:Infinity":22,"b:101:6:108:Infinity:104:13:108:Infinity":10,"s:101:6:108:Infinity":23,"s:102:8:102:Infinity":24,"s:103:8:103:Infinity":25,"s:106:8:106:Infinity":26,"s:107:8:107:Infinity":27,"b:110:6:114:Infinity:undefined:undefined:undefined:undefined":11,"s:110:6:114:Infinity":28,"s:111:8:113:Infinity":29,"b:115:6:119:Infinity:undefined:undefined:undefined:undefined":12,"s:115:6:119:Infinity":30,"b:115:10:115:38:115:38:115:50":13,"s:116:8:118:Infinity":31,"b:120:6:124:Infinity:undefined:undefined:undefined:undefined":14,"s:120:6:124:Infinity":32,"b:120:10:120:39:120:39:120:52":15,"s:121:8:123:Infinity":33,"s:126:29:126:Infinity":34,"b:127:6:131:Infinity:undefined:undefined:undefined:undefined":16,"s:127:6:131:Infinity":35,"s:128:8:130:Infinity":36,"s:133:6:133:Infinity":37,"s:134:6:134:Infinity":38,"s:135:6:135:Infinity":39,"s:136:6:136:Infinity":40,"b:136:24:136:44:136:44:136:Infinity":17,"b:142:0:144:Infinity:undefined:undefined:undefined:undefined":18,"s:142:0:144:Infinity":41,"s:143:3:143:Infinity":42}}}
,"C:\\Apps\\Media\\Images\\squoosh\\src\\cli\\utils\\output.ts": {"path":"C:\\Apps\\Media\\Images\\squoosh\\src\\cli\\utils\\output.ts","statementMap":{"0":{"start":{"line":35,"column":8},"end":{"line":35,"column":null}},"1":{"start":{"line":36,"column":8},"end":{"line":36,"column":null}},"2":{"start":{"line":37,"column":25},"end":{"line":40,"column":null}},"3":{"start":{"line":43,"column":14},"end":{"line":43,"column":null}},"4":{"start":{"line":46,"column":20},"end":{"line":46,"column":null}},"5":{"start":{"line":48,"column":2},"end":{"line":48,"column":null}},"6":{"start":{"line":63,"column":73},"end":{"line":63,"column":null}},"7":{"start":{"line":65,"column":25},"end":{"line":65,"column":null}},"8":{"start":{"line":68,"column":2},"end":{"line":70,"column":null}},"9":{"start":{"line":69,"column":4},"end":{"line":69,"column":null}},"10":{"start":{"line":74,"column":2},"end":{"line":85,"column":null}},"11":{"start":{"line":75,"column":10},"end":{"line":75,"column":null}},"12":{"start":{"line":76,"column":10},"end":{"line":76,"column":null}},"13":{"start":{"line":79,"column":4},"end":{"line":82,"column":null}},"14":{"start":{"line":81,"column":6},"end":{"line":81,"column":null}},"15":{"start":{"line":84,"column":4},"end":{"line":84,"column":null}},"16":{"start":{"line":88,"column":2},"end":{"line":88,"column":null}},"17":{"start":{"line":105,"column":21},"end":{"line":105,"column":null}},"18":{"start":{"line":108,"column":8},"end":{"line":108,"column":null}},"19":{"start":{"line":109,"column":2},"end":{"line":109,"column":null}},"20":{"start":{"line":112,"column":17},"end":{"line":112,"column":null}},"21":{"start":{"line":115,"column":2},"end":{"line":115,"column":null}},"22":{"start":{"line":117,"column":2},"end":{"line":117,"column":null}},"23":{"start":{"line":125,"column":2},"end":{"line":125,"column":null}},"24":{"start":{"line":134,"column":2},"end":{"line":136,"column":null}},"25":{"start":{"line":135,"column":4},"end":{"line":135,"column":null}},"26":{"start":{"line":138,"column":8},"end":{"line":138,"column":null}},"27":{"start":{"line":139,"column":8},"end":{"line":139,"column":null}},"28":{"start":{"line":140,"column":8},"end":{"line":140,"column":null}},"29":{"start":{"line":142,"column":16},"end":{"line":142,"column":null}},"30":{"start":{"line":145,"column":2},"end":{"line":148,"column":null}},"31":{"start":{"line":146,"column":4},"end":{"line":146,"column":null}},"32":{"start":{"line":147,"column":4},"end":{"line":147,"column":null}},"33":{"start":{"line":150,"column":2},"end":{"line":150,"column":null}},"34":{"start":{"line":160,"column":14},"end":{"line":160,"column":null}},"35":{"start":{"line":161,"column":8},"end":{"line":161,"column":null}},"36":{"start":{"line":162,"column":2},"end":{"line":162,"column":null}}},"fnMap":{"0":{"name":"getOutputFilename","decl":{"start":{"line":30,"column":9},"end":{"line":30,"column":null}},"loc":{"start":{"line":34,"column":10},"end":{"line":49,"column":null}},"line":34},"1":{"name":"getOutputPath","decl":{"start":{"line":58,"column":16},"end":{"line":58,"column":null}},"loc":{"start":{"line":62,"column":10},"end":{"line":89,"column":null}},"line":62},"2":{"name":"writeOutputFile","decl":{"start":{"line":99,"column":22},"end":{"line":99,"column":null}},"loc":{"start":{"line":104,"column":19},"end":{"line":118,"column":null}},"line":104},"3":{"name":"ensureDir","decl":{"start":{"line":124,"column":22},"end":{"line":124,"column":32}},"loc":{"start":{"line":124,"column":64},"end":{"line":126,"column":null}},"line":124},"4":{"name":"makeUniquePath","decl":{"start":{"line":133,"column":16},"end":{"line":133,"column":31}},"loc":{"start":{"line":133,"column":85},"end":{"line":151,"column":null}},"line":133},"5":{"name":"replaceExtension","decl":{"start":{"line":159,"column":16},"end":{"line":159,"column":33}},"loc":{"start":{"line":159,"column":81},"end":{"line":163,"column":null}},"line":159}},"branchMap":{"0":{"loc":{"start":{"line":43,"column":14},"end":{"line":43,"column":null}},"type":"cond-expr","locations":[{"start":{"line":43,"column":45},"end":{"line":43,"column":60}},{"start":{"line":43,"column":60},"end":{"line":43,"column":null}}],"line":43},"1":{"loc":{"start":{"line":46,"column":20},"end":{"line":46,"column":null}},"type":"binary-expr","locations":[{"start":{"line":46,"column":20},"end":{"line":46,"column":30}},{"start":{"line":46,"column":30},"end":{"line":46,"column":null}}],"line":46},"2":{"loc":{"start":{"line":61,"column":2},"end":{"line":61,"column":null}},"type":"default-arg","locations":[{"start":{"line":61,"column":27},"end":{"line":61,"column":null}}],"line":61},"3":{"loc":{"start":{"line":63,"column":21},"end":{"line":63,"column":48}},"type":"default-arg","locations":[{"start":{"line":63,"column":41},"end":{"line":63,"column":48}}],"line":63},"4":{"loc":{"start":{"line":68,"column":2},"end":{"line":70,"column":null}},"type":"if","locations":[{"start":{"line":68,"column":2},"end":{"line":70,"column":null}},{"start":{},"end":{}}],"line":68},"5":{"loc":{"start":{"line":74,"column":2},"end":{"line":85,"column":null}},"type":"if","locations":[{"start":{"line":74,"column":2},"end":{"line":85,"column":null}},{"start":{},"end":{}}],"line":74},"6":{"loc":{"start":{"line":74,"column":6},"end":{"line":74,"column":41}},"type":"binary-expr","locations":[{"start":{"line":74,"column":6},"end":{"line":74,"column":27}},{"start":{"line":74,"column":27},"end":{"line":74,"column":41}}],"line":74},"7":{"loc":{"start":{"line":79,"column":4},"end":{"line":82,"column":null}},"type":"if","locations":[{"start":{"line":79,"column":4},"end":{"line":82,"column":null}},{"start":{},"end":{}}],"line":79},"8":{"loc":{"start":{"line":79,"column":8},"end":{"line":79,"column":65}},"type":"binary-expr","locations":[{"start":{"line":79,"column":8},"end":{"line":79,"column":40}},{"start":{"line":79,"column":35},"end":{"line":79,"column":65}}],"line":79},"9":{"loc":{"start":{"line":103,"column":2},"end":{"line":103,"column":null}},"type":"default-arg","locations":[{"start":{"line":103,"column":27},"end":{"line":103,"column":null}}],"line":103},"10":{"loc":{"start":{"line":112,"column":17},"end":{"line":112,"column":null}},"type":"cond-expr","locations":[{"start":{"line":112,"column":41},"end":{"line":112,"column":48}},{"start":{"line":112,"column":48},"end":{"line":112,"column":null}}],"line":112},"11":{"loc":{"start":{"line":134,"column":2},"end":{"line":136,"column":null}},"type":"if","locations":[{"start":{"line":134,"column":2},"end":{"line":136,"column":null}},{"start":{},"end":{}}],"line":134},"12":{"loc":{"start":{"line":160,"column":14},"end":{"line":160,"column":null}},"type":"cond-expr","locations":[{"start":{"line":160,"column":45},"end":{"line":160,"column":60}},{"start":{"line":160,"column":60},"end":{"line":160,"column":null}}],"line":160}},"s":{"0":27,"1":27,"2":27,"3":27,"4":27,"5":27,"6":27,"7":27,"8":27,"9":18,"10":9,"11":5,"12":5,"13":5,"14":1,"15":4,"16":4,"17":6,"18":6,"19":6,"20":6,"21":6,"22":6,"23":5,"24":10,"25":2,"26":8,"27":8,"28":8,"29":8,"30":8,"31":109,"32":109,"33":8,"34":12,"35":12,"36":12},"f":{"0":27,"1":27,"2":6,"3":5,"4":10,"5":12},"b":{"0":[1,26],"1":[27,21],"2":[27],"3":[27],"4":[18,9],"5":[5,4],"6":[9,6],"7":[1,4],"8":[5,4],"9":[6],"10":[3,3],"11":[2,8],"12":[1,11]},"meta":{"lastBranch":13,"lastFunction":6,"lastStatement":37,"seen":{"f:30:9:30:Infinity":0,"s:35:8:35:Infinity":0,"s:36:8:36:Infinity":1,"s:37:25:40:Infinity":2,"s:43:14:43:Infinity":3,"b:43:45:43:60:43:60:43:Infinity":0,"s:46:20:46:Infinity":4,"b:46:20:46:30:46:30:46:Infinity":1,"s:48:2:48:Infinity":5,"f:58:16:58:Infinity":1,"b:61:27:61:Infinity":2,"s:63:73:63:Infinity":6,"b:63:41:63:48":3,"s:65:25:65:Infinity":7,"b:68:2:70:Infinity:undefined:undefined:undefined:undefined":4,"s:68:2:70:Infinity":8,"s:69:4:69:Infinity":9,"b:74:2:85:Infinity:undefined:undefined:undefined:undefined":5,"s:74:2:85:Infinity":10,"b:74:6:74:27:74:27:74:41":6,"s:75:10:75:Infinity":11,"s:76:10:76:Infinity":12,"b:79:4:82:Infinity:undefined:undefined:undefined:undefined":7,"s:79:4:82:Infinity":13,"b:79:8:79:40:79:35:79:65":8,"s:81:6:81:Infinity":14,"s:84:4:84:Infinity":15,"s:88:2:88:Infinity":16,"f:99:22:99:Infinity":2,"b:103:27:103:Infinity":9,"s:105:21:105:Infinity":17,"s:108:8:108:Infinity":18,"s:109:2:109:Infinity":19,"s:112:17:112:Infinity":20,"b:112:41:112:48:112:48:112:Infinity":10,"s:115:2:115:Infinity":21,"s:117:2:117:Infinity":22,"f:124:22:124:32":3,"s:125:2:125:Infinity":23,"f:133:16:133:31":4,"b:134:2:136:Infinity:undefined:undefined:undefined:undefined":11,"s:134:2:136:Infinity":24,"s:135:4:135:Infinity":25,"s:138:8:138:Infinity":26,"s:139:8:139:Infinity":27,"s:140:8:140:Infinity":28,"s:142:16:142:Infinity":29,"s:145:2:148:Infinity":30,"s:146:4:146:Infinity":31,"s:147:4:147:Infinity":32,"s:150:2:150:Infinity":33,"f:159:16:159:33":5,"s:160:14:160:Infinity":34,"b:160:45:160:60:160:60:160:Infinity":12,"s:161:8:161:Infinity":35,"s:162:2:162:Infinity":36}}}
,"C:\\Apps\\Media\\Images\\squoosh\\src\\cli\\utils\\progress.ts": {"path":"C:\\Apps\\Media\\Images\\squoosh\\src\\cli\\utils\\progress.ts","statementMap":{"0":{"start":{"line":14,"column":2},"end":{"line":17,"column":null}},"1":{"start":{"line":26,"column":2},"end":{"line":26,"column":null}},"2":{"start":{"line":26,"column":19},"end":{"line":26,"column":null}},"3":{"start":{"line":28,"column":19},"end":{"line":28,"column":null}},"4":{"start":{"line":29,"column":19},"end":{"line":29,"column":null}},"5":{"start":{"line":31,"column":16},"end":{"line":31,"column":null}},"6":{"start":{"line":32,"column":15},"end":{"line":32,"column":null}},"7":{"start":{"line":35,"column":19},"end":{"line":38,"column":null}},"8":{"start":{"line":40,"column":16},"end":{"line":40,"column":null}},"9":{"start":{"line":44,"column":2},"end":{"line":56,"column":null}},"10":{"start":{"line":46,"column":4},"end":{"line":46,"column":null}},"11":{"start":{"line":47,"column":2},"end":{"line":56,"column":null}},"12":{"start":{"line":49,"column":4},"end":{"line":49,"column":null}},"13":{"start":{"line":50,"column":2},"end":{"line":56,"column":null}},"14":{"start":{"line":52,"column":4},"end":{"line":52,"column":null}},"15":{"start":{"line":55,"column":4},"end":{"line":55,"column":null}},"16":{"start":{"line":58,"column":2},"end":{"line":58,"column":null}},"17":{"start":{"line":68,"column":2},"end":{"line":68,"column":null}},"18":{"start":{"line":68,"column":19},"end":{"line":68,"column":null}},"19":{"start":{"line":69,"column":19},"end":{"line":69,"column":null}},"20":{"start":{"line":70,"column":2},"end":{"line":70,"column":null}},"21":{"start":{"line":80,"column":15},"end":{"line":80,"column":null}},"22":{"start":{"line":81,"column":8},"end":{"line":81,"column":null}},"23":{"start":{"line":82,"column":15},"end":{"line":82,"column":null}},"24":{"start":{"line":83,"column":2},"end":{"line":83,"column":null}},"25":{"start":{"line":108,"column":28},"end":{"line":108,"column":null}},"26":{"start":{"line":109,"column":14},"end":{"line":109,"column":null}},"27":{"start":{"line":111,"column":2},"end":{"line":153,"column":null}},"28":{"start":{"line":113,"column":6},"end":{"line":113,"column":null}},"29":{"start":{"line":114,"column":6},"end":{"line":117,"column":null}},"30":{"start":{"line":121,"column":6},"end":{"line":121,"column":null}},"31":{"start":{"line":121,"column":20},"end":{"line":121,"column":null}},"32":{"start":{"line":123,"column":22},"end":{"line":123,"column":null}},"33":{"start":{"line":124,"column":17},"end":{"line":124,"column":null}},"34":{"start":{"line":126,"column":6},"end":{"line":128,"column":null}},"35":{"start":{"line":127,"column":8},"end":{"line":127,"column":null}},"36":{"start":{"line":130,"column":6},"end":{"line":130,"column":null}},"37":{"start":{"line":134,"column":6},"end":{"line":137,"column":null}},"38":{"start":{"line":135,"column":8},"end":{"line":135,"column":null}},"39":{"start":{"line":136,"column":8},"end":{"line":136,"column":null}},"40":{"start":{"line":141,"column":6},"end":{"line":144,"column":null}},"41":{"start":{"line":142,"column":8},"end":{"line":142,"column":null}},"42":{"start":{"line":143,"column":8},"end":{"line":143,"column":null}},"43":{"start":{"line":148,"column":6},"end":{"line":151,"column":null}},"44":{"start":{"line":149,"column":8},"end":{"line":149,"column":null}},"45":{"start":{"line":150,"column":8},"end":{"line":150,"column":null}},"46":{"start":{"line":168,"column":8},"end":{"line":171,"column":null}},"47":{"start":{"line":173,"column":2},"end":{"line":181,"column":null}},"48":{"start":{"line":174,"column":17},"end":{"line":174,"column":null}},"49":{"start":{"line":175,"column":35},"end":{"line":175,"column":null}},"50":{"start":{"line":176,"column":32},"end":{"line":176,"column":null}},"51":{"start":{"line":177,"column":16},"end":{"line":177,"column":null}},"52":{"start":{"line":179,"column":6},"end":{"line":179,"column":null}}},"fnMap":{"0":{"name":"createSpinner","decl":{"start":{"line":13,"column":16},"end":{"line":13,"column":30}},"loc":{"start":{"line":13,"column":49},"end":{"line":18,"column":null}},"line":13},"1":{"name":"formatBytes","decl":{"start":{"line":25,"column":16},"end":{"line":25,"column":28}},"loc":{"start":{"line":25,"column":51},"end":{"line":59,"column":null}},"line":25},"2":{"name":"formatPercent","decl":{"start":{"line":67,"column":16},"end":{"line":67,"column":30}},"loc":{"start":{"line":67,"column":68},"end":{"line":71,"column":null}},"line":67},"3":{"name":"formatSizeDiff","decl":{"start":{"line":79,"column":16},"end":{"line":79,"column":31}},"loc":{"start":{"line":79,"column":77},"end":{"line":84,"column":null}},"line":79},"4":{"name":"createProgressReporter","decl":{"start":{"line":107,"column":16},"end":{"line":107,"column":39}},"loc":{"start":{"line":107,"column":72},"end":{"line":154,"column":null}},"line":107},"5":{"name":"(anonymous_5)","decl":{"start":{"line":112,"column":4},"end":{"line":112,"column":10}},"loc":{"start":{"line":112,"column":31},"end":{"line":118,"column":null}},"line":112},"6":{"name":"(anonymous_6)","decl":{"start":{"line":120,"column":4},"end":{"line":120,"column":11}},"loc":{"start":{"line":120,"column":52},"end":{"line":131,"column":null}},"line":120},"7":{"name":"(anonymous_7)","decl":{"start":{"line":133,"column":4},"end":{"line":133,"column":12}},"loc":{"start":{"line":133,"column":35},"end":{"line":138,"column":null}},"line":133},"8":{"name":"(anonymous_8)","decl":{"start":{"line":140,"column":4},"end":{"line":140,"column":9}},"loc":{"start":{"line":140,"column":32},"end":{"line":145,"column":null}},"line":140},"9":{"name":"(anonymous_9)","decl":{"start":{"line":147,"column":4},"end":{"line":147,"column":17}},"loc":{"start":{"line":147,"column":17},"end":{"line":152,"column":null}},"line":147},"10":{"name":"createSimpleSpinner","decl":{"start":{"line":161,"column":16},"end":{"line":161,"column":36}},"loc":{"start":{"line":167,"column":2},"end":{"line":182,"column":null}},"line":167},"11":{"name":"(anonymous_11)","decl":{"start":{"line":174,"column":11},"end":{"line":174,"column":17}},"loc":{"start":{"line":174,"column":17},"end":{"line":174,"column":null}},"line":174},"12":{"name":"(anonymous_12)","decl":{"start":{"line":175,"column":13},"end":{"line":175,"column":14}},"loc":{"start":{"line":175,"column":35},"end":{"line":175,"column":null}},"line":175},"13":{"name":"(anonymous_13)","decl":{"start":{"line":176,"column":10},"end":{"line":176,"column":11}},"loc":{"start":{"line":176,"column":32},"end":{"line":176,"column":null}},"line":176},"14":{"name":"(anonymous_14)","decl":{"start":{"line":177,"column":10},"end":{"line":177,"column":16}},"loc":{"start":{"line":177,"column":16},"end":{"line":177,"column":null}},"line":177},"15":{"name":"(anonymous_15)","decl":{"start":{"line":178,"column":12},"end":{"line":178,"column":13}},"loc":{"start":{"line":178,"column":33},"end":{"line":180,"column":null}},"line":178}},"branchMap":{"0":{"loc":{"start":{"line":26,"column":2},"end":{"line":26,"column":null}},"type":"if","locations":[{"start":{"line":26,"column":2},"end":{"line":26,"column":null}},{"start":{},"end":{}}],"line":26},"1":{"loc":{"start":{"line":44,"column":2},"end":{"line":56,"column":null}},"type":"if","locations":[{"start":{"line":44,"column":2},"end":{"line":56,"column":null}},{"start":{"line":47,"column":2},"end":{"line":56,"column":null}}],"line":44},"2":{"loc":{"start":{"line":47,"column":2},"end":{"line":56,"column":null}},"type":"if","locations":[{"start":{"line":47,"column":2},"end":{"line":56,"column":null}},{"start":{"line":50,"column":2},"end":{"line":56,"column":null}}],"line":47},"3":{"loc":{"start":{"line":50,"column":2},"end":{"line":56,"column":null}},"type":"if","locations":[{"start":{"line":50,"column":2},"end":{"line":56,"column":null}},{"start":{"line":53,"column":9},"end":{"line":56,"column":null}}],"line":50},"4":{"loc":{"start":{"line":58,"column":12},"end":{"line":58,"column":31}},"type":"cond-expr","locations":[{"start":{"line":58,"column":23},"end":{"line":58,"column":29}},{"start":{"line":58,"column":29},"end":{"line":58,"column":31}}],"line":58},"5":{"loc":{"start":{"line":68,"column":2},"end":{"line":68,"column":null}},"type":"if","locations":[{"start":{"line":68,"column":2},"end":{"line":68,"column":null}},{"start":{},"end":{}}],"line":68},"6":{"loc":{"start":{"line":82,"column":15},"end":{"line":82,"column":null}},"type":"cond-expr","locations":[{"start":{"line":82,"column":26},"end":{"line":82,"column":32}},{"start":{"line":82,"column":32},"end":{"line":82,"column":null}}],"line":82},"7":{"loc":{"start":{"line":121,"column":6},"end":{"line":121,"column":null}},"type":"if","locations":[{"start":{"line":121,"column":6},"end":{"line":121,"column":null}},{"start":{},"end":{}}],"line":121},"8":{"loc":{"start":{"line":123,"column":22},"end":{"line":123,"column":null}},"type":"cond-expr","locations":[{"start":{"line":123,"column":30},"end":{"line":123,"column":73}},{"start":{"line":123,"column":73},"end":{"line":123,"column":null}}],"line":123},"9":{"loc":{"start":{"line":126,"column":6},"end":{"line":128,"column":null}},"type":"if","locations":[{"start":{"line":126,"column":6},"end":{"line":128,"column":null}},{"start":{},"end":{}}],"line":126},"10":{"loc":{"start":{"line":134,"column":6},"end":{"line":137,"column":null}},"type":"if","locations":[{"start":{"line":134,"column":6},"end":{"line":137,"column":null}},{"start":{},"end":{}}],"line":134},"11":{"loc":{"start":{"line":141,"column":6},"end":{"line":144,"column":null}},"type":"if","locations":[{"start":{"line":141,"column":6},"end":{"line":144,"column":null}},{"start":{},"end":{}}],"line":141},"12":{"loc":{"start":{"line":148,"column":6},"end":{"line":151,"column":null}},"type":"if","locations":[{"start":{"line":148,"column":6},"end":{"line":151,"column":null}},{"start":{},"end":{}}],"line":148}},"s":{"0":1,"1":20,"2":2,"3":18,"4":18,"5":18,"6":18,"7":18,"8":18,"9":18,"10":4,"11":14,"12":3,"13":11,"14":2,"15":9,"16":18,"17":7,"18":1,"19":6,"20":6,"21":4,"22":4,"23":4,"24":4,"25":5,"26":5,"27":5,"28":3,"29":3,"30":2,"31":1,"32":1,"33":2,"34":2,"35":1,"36":1,"37":1,"38":1,"39":1,"40":1,"41":1,"42":1,"43":1,"44":1,"45":1,"46":2,"47":2,"48":1,"49":1,"50":0,"51":0,"52":1},"f":{"0":1,"1":20,"2":7,"3":4,"4":5,"5":3,"6":2,"7":1,"8":1,"9":1,"10":2,"11":1,"12":1,"13":0,"14":0,"15":1},"b":{"0":[2,18],"1":[4,14],"2":[3,11],"3":[2,9],"4":[4,14],"5":[1,6],"6":[1,3],"7":[1,1],"8":[1,0],"9":[1,1],"10":[1,0],"11":[1,0],"12":[1,0]},"meta":{"lastBranch":13,"lastFunction":16,"lastStatement":53,"seen":{"f:13:16:13:30":0,"s:14:2:17:Infinity":0,"f:25:16:25:28":1,"b:26:2:26:Infinity:undefined:undefined:undefined:undefined":0,"s:26:2:26:Infinity":1,"s:26:19:26:Infinity":2,"s:28:19:28:Infinity":3,"s:29:19:29:Infinity":4,"s:31:16:31:Infinity":5,"s:32:15:32:Infinity":6,"s:35:19:38:Infinity":7,"s:40:16:40:Infinity":8,"b:44:2:56:Infinity:47:2:56:Infinity":1,"s:44:2:56:Infinity":9,"s:46:4:46:Infinity":10,"b:47:2:56:Infinity:50:2:56:Infinity":2,"s:47:2:56:Infinity":11,"s:49:4:49:Infinity":12,"b:50:2:56:Infinity:53:9:56:Infinity":3,"s:50:2:56:Infinity":13,"s:52:4:52:Infinity":14,"s:55:4:55:Infinity":15,"s:58:2:58:Infinity":16,"b:58:23:58:29:58:29:58:31":4,"f:67:16:67:30":2,"b:68:2:68:Infinity:undefined:undefined:undefined:undefined":5,"s:68:2:68:Infinity":17,"s:68:19:68:Infinity":18,"s:69:19:69:Infinity":19,"s:70:2:70:Infinity":20,"f:79:16:79:31":3,"s:80:15:80:Infinity":21,"s:81:8:81:Infinity":22,"s:82:15:82:Infinity":23,"b:82:26:82:32:82:32:82:Infinity":6,"s:83:2:83:Infinity":24,"f:107:16:107:39":4,"s:108:28:108:Infinity":25,"s:109:14:109:Infinity":26,"s:111:2:153:Infinity":27,"f:112:4:112:10":5,"s:113:6:113:Infinity":28,"s:114:6:117:Infinity":29,"f:120:4:120:11":6,"b:121:6:121:Infinity:undefined:undefined:undefined:undefined":7,"s:121:6:121:Infinity":30,"s:121:20:121:Infinity":31,"s:123:22:123:Infinity":32,"b:123:30:123:73:123:73:123:Infinity":8,"s:124:17:124:Infinity":33,"b:126:6:128:Infinity:undefined:undefined:undefined:undefined":9,"s:126:6:128:Infinity":34,"s:127:8:127:Infinity":35,"s:130:6:130:Infinity":36,"f:133:4:133:12":7,"b:134:6:137:Infinity:undefined:undefined:undefined:undefined":10,"s:134:6:137:Infinity":37,"s:135:8:135:Infinity":38,"s:136:8:136:Infinity":39,"f:140:4:140:9":8,"b:141:6:144:Infinity:undefined:undefined:undefined:undefined":11,"s:141:6:144:Infinity":40,"s:142:8:142:Infinity":41,"s:143:8:143:Infinity":42,"f:147:4:147:17":9,"b:148:6:151:Infinity:undefined:undefined:undefined:undefined":12,"s:148:6:151:Infinity":43,"s:149:8:149:Infinity":44,"s:150:8:150:Infinity":45,"f:161:16:161:36":10,"s:168:8:171:Infinity":46,"s:173:2:181:Infinity":47,"f:174:11:174:17":11,"s:174:17:174:Infinity":48,"f:175:13:175:14":12,"s:175:35:175:Infinity":49,"f:176:10:176:11":13,"s:176:32:176:Infinity":50,"f:177:10:177:16":14,"s:177:16:177:Infinity":51,"f:178:12:178:13":15,"s:179:6:179:Infinity":52}}}
,"C:\\Apps\\Media\\Images\\squoosh\\src\\client\\lazy-app\\BatchProcessor\\BatchFileList.tsx": {"path":"C:\\Apps\\Media\\Images\\squoosh\\src\\client\\lazy-app\\BatchProcessor\\BatchFileList.tsx","statementMap":{"0":{"start":{"line":6,"column":2},"end":{"line":6,"column":null}},"1":{"start":{"line":6,"column":19},"end":{"line":6,"column":null}},"2":{"start":{"line":7,"column":12},"end":{"line":7,"column":null}},"3":{"start":{"line":8,"column":16},"end":{"line":8,"column":null}},"4":{"start":{"line":9,"column":12},"end":{"line":9,"column":null}},"5":{"start":{"line":10,"column":2},"end":{"line":10,"column":null}},"6":{"start":{"line":14,"column":2},"end":{"line":26,"column":null}},"7":{"start":{"line":16,"column":6},"end":{"line":16,"column":null}},"8":{"start":{"line":21,"column":6},"end":{"line":21,"column":null}},"9":{"start":{"line":23,"column":6},"end":{"line":23,"column":null}},"10":{"start":{"line":25,"column":6},"end":{"line":25,"column":null}},"11":{"start":{"line":30,"column":2},"end":{"line":45,"column":null}},"12":{"start":{"line":32,"column":6},"end":{"line":32,"column":null}},"13":{"start":{"line":34,"column":6},"end":{"line":34,"column":null}},"14":{"start":{"line":36,"column":6},"end":{"line":36,"column":null}},"15":{"start":{"line":38,"column":6},"end":{"line":38,"column":null}},"16":{"start":{"line":40,"column":6},"end":{"line":40,"column":null}},"17":{"start":{"line":42,"column":6},"end":{"line":42,"column":null}},"18":{"start":{"line":44,"column":6},"end":{"line":44,"column":null}},"19":{"start":{"line":59,"column":19},"end":{"line":59,"column":null}},"20":{"start":{"line":60,"column":20},"end":{"line":60,"column":null}},"21":{"start":{"line":63,"column":17},"end":{"line":66,"column":null}},"22":{"start":{"line":68,"column":10},"end":{"line":68,"column":null}},"23":{"start":{"line":90,"column":21},"end":{"line":93,"column":null}},"24":{"start":{"line":95,"column":22},"end":{"line":208,"column":null}},"25":{"start":{"line":72,"column":4},"end":{"line":83,"column":null}},"26":{"start":{"line":73,"column":6},"end":{"line":75,"column":null}},"27":{"start":{"line":77,"column":6},"end":{"line":81,"column":null}},"28":{"start":{"line":78,"column":8},"end":{"line":80,"column":null}},"29":{"start":{"line":79,"column":10},"end":{"line":79,"column":null}},"30":{"start":{"line":82,"column":6},"end":{"line":82,"column":null}},"31":{"start":{"line":87,"column":4},"end":{"line":87,"column":null}},"32":{"start":{"line":91,"column":19},"end":{"line":91,"column":null}},"33":{"start":{"line":92,"column":4},"end":{"line":92,"column":null}},"34":{"start":{"line":96,"column":23},"end":{"line":96,"column":null}},"35":{"start":{"line":98,"column":6},"end":{"line":104,"column":null}},"36":{"start":{"line":106,"column":4},"end":{"line":206,"column":null}},"37":{"start":{"line":180,"column":29},"end":{"line":180,"column":null}},"38":{"start":{"line":194,"column":29},"end":{"line":194,"column":null}},"39":{"start":{"line":211,"column":24},"end":{"line":211,"column":null}},"40":{"start":{"line":212,"column":23},"end":{"line":215,"column":null}},"41":{"start":{"line":216,"column":21},"end":{"line":219,"column":null}},"42":{"start":{"line":221,"column":25},"end":{"line":221,"column":null}},"43":{"start":{"line":223,"column":4},"end":{"line":255,"column":null}},"44":{"start":{"line":237,"column":14},"end":{"line":237,"column":null}}},"fnMap":{"0":{"name":"formatBytes","decl":{"start":{"line":5,"column":9},"end":{"line":5,"column":21}},"loc":{"start":{"line":5,"column":44},"end":{"line":11,"column":null}},"line":5},"1":{"name":"getStatusIcon","decl":{"start":{"line":13,"column":9},"end":{"line":13,"column":23}},"loc":{"start":{"line":13,"column":56},"end":{"line":27,"column":null}},"line":13},"2":{"name":"getStatusLabel","decl":{"start":{"line":29,"column":9},"end":{"line":29,"column":24}},"loc":{"start":{"line":29,"column":57},"end":{"line":46,"column":null}},"line":29},"3":{"name":"(anonymous_3)","decl":{"start":{"line":71,"column":2},"end":{"line":71,"column":22}},"loc":{"start":{"line":71,"column":22},"end":{"line":84,"column":null}},"line":71},"4":{"name":"(anonymous_4)","decl":{"start":{"line":77,"column":47},"end":{"line":77,"column":48}},"loc":{"start":{"line":77,"column":60},"end":{"line":81,"column":7}},"line":77},"5":{"name":"(anonymous_5)","decl":{"start":{"line":86,"column":2},"end":{"line":86,"column":25}},"loc":{"start":{"line":86,"column":25},"end":{"line":88,"column":null}},"line":86},"6":{"name":"(anonymous_6)","decl":{"start":{"line":90,"column":21},"end":{"line":90,"column":22}},"loc":{"start":{"line":90,"column":39},"end":{"line":93,"column":null}},"line":90},"7":{"name":"(anonymous_7)","decl":{"start":{"line":95,"column":22},"end":{"line":95,"column":23}},"loc":{"start":{"line":95,"column":58},"end":{"line":208,"column":null}},"line":95},"8":{"name":"(anonymous_8)","decl":{"start":{"line":180,"column":23},"end":{"line":180,"column":29}},"loc":{"start":{"line":180,"column":29},"end":{"line":180,"column":null}},"line":180},"9":{"name":"(anonymous_9)","decl":{"start":{"line":194,"column":23},"end":{"line":194,"column":29}},"loc":{"start":{"line":194,"column":29},"end":{"line":194,"column":null}},"line":194},"10":{"name":"(anonymous_10)","decl":{"start":{"line":210,"column":2},"end":{"line":210,"column":9}},"loc":{"start":{"line":210,"column":66},"end":{"line":257,"column":null}},"line":210},"11":{"name":"(anonymous_11)","decl":{"start":{"line":236,"column":30},"end":{"line":236,"column":31}},"loc":{"start":{"line":237,"column":14},"end":{"line":237,"column":null}},"line":237}},"branchMap":{"0":{"loc":{"start":{"line":6,"column":2},"end":{"line":6,"column":null}},"type":"if","locations":[{"start":{"line":6,"column":2},"end":{"line":6,"column":null}},{"start":{},"end":{}}],"line":6},"1":{"loc":{"start":{"line":14,"column":2},"end":{"line":26,"column":null}},"type":"switch","locations":[{"start":{"line":15,"column":4},"end":{"line":16,"column":null}},{"start":{"line":17,"column":4},"end":{"line":17,"column":null}},{"start":{"line":18,"column":4},"end":{"line":18,"column":null}},{"start":{"line":19,"column":4},"end":{"line":19,"column":null}},{"start":{"line":20,"column":4},"end":{"line":21,"column":null}},{"start":{"line":22,"column":4},"end":{"line":23,"column":null}},{"start":{"line":24,"column":4},"end":{"line":25,"column":null}}],"line":14},"2":{"loc":{"start":{"line":30,"column":2},"end":{"line":45,"column":null}},"type":"switch","locations":[{"start":{"line":31,"column":4},"end":{"line":32,"column":null}},{"start":{"line":33,"column":4},"end":{"line":34,"column":null}},{"start":{"line":35,"column":4},"end":{"line":36,"column":null}},{"start":{"line":37,"column":4},"end":{"line":38,"column":null}},{"start":{"line":39,"column":4},"end":{"line":40,"column":null}},{"start":{"line":41,"column":4},"end":{"line":42,"column":null}},{"start":{"line":43,"column":4},"end":{"line":44,"column":null}}],"line":30},"3":{"loc":{"start":{"line":72,"column":4},"end":{"line":83,"column":null}},"type":"if","locations":[{"start":{"line":72,"column":4},"end":{"line":83,"column":null}},{"start":{},"end":{}}],"line":72},"4":{"loc":{"start":{"line":98,"column":6},"end":{"line":104,"column":null}},"type":"cond-expr","locations":[{"start":{"line":98,"column":48},"end":{"line":103,"column":null}},{"start":{"line":104,"column":10},"end":{"line":104,"column":null}}],"line":98},"5":{"loc":{"start":{"line":98,"column":6},"end":{"line":98,"column":null}},"type":"binary-expr","locations":[{"start":{"line":98,"column":6},"end":{"line":98,"column":21}},{"start":{"line":98,"column":21},"end":{"line":98,"column":null}}],"line":98},"6":{"loc":{"start":{"line":116,"column":13},"end":{"line":130,"column":null}},"type":"binary-expr","locations":[{"start":{"line":116,"column":13},"end":{"line":116,"column":null}},{"start":{"line":117,"column":14},"end":{"line":130,"column":null}}],"line":116},"7":{"loc":{"start":{"line":122,"column":17},"end":{"line":128,"column":null}},"type":"binary-expr","locations":[{"start":{"line":122,"column":17},"end":{"line":122,"column":null}},{"start":{"line":123,"column":18},"end":{"line":128,"column":null}}],"line":122},"8":{"loc":{"start":{"line":124,"column":47},"end":{"line":124,"column":114}},"type":"cond-expr","locations":[{"start":{"line":124,"column":69},"end":{"line":124,"column":93}},{"start":{"line":124,"column":93},"end":{"line":124,"column":114}}],"line":124},"9":{"loc":{"start":{"line":126,"column":21},"end":{"line":126,"column":null}},"type":"cond-expr","locations":[{"start":{"line":126,"column":43},"end":{"line":126,"column":49}},{"start":{"line":126,"column":49},"end":{"line":126,"column":null}}],"line":126},"10":{"loc":{"start":{"line":136,"column":11},"end":{"line":171,"column":null}},"type":"cond-expr","locations":[{"start":{"line":137,"column":12},"end":{"line":150,"column":null}},{"start":{"line":151,"column":14},"end":{"line":171,"column":null}}],"line":136},"11":{"loc":{"start":{"line":151,"column":14},"end":{"line":171,"column":null}},"type":"cond-expr","locations":[{"start":{"line":152,"column":12},"end":{"line":157,"column":null}},{"start":{"line":158,"column":14},"end":{"line":171,"column":null}}],"line":151},"12":{"loc":{"start":{"line":158,"column":14},"end":{"line":171,"column":null}},"type":"cond-expr","locations":[{"start":{"line":159,"column":12},"end":{"line":164,"column":null}},{"start":{"line":166,"column":12},"end":{"line":171,"column":null}}],"line":158},"13":{"loc":{"start":{"line":177,"column":11},"end":{"line":189,"column":null}},"type":"binary-expr","locations":[{"start":{"line":177,"column":11},"end":{"line":177,"column":41}},{"start":{"line":177,"column":41},"end":{"line":177,"column":null}},{"start":{"line":178,"column":12},"end":{"line":189,"column":null}}],"line":177},"14":{"loc":{"start":{"line":191,"column":11},"end":{"line":203,"column":null}},"type":"binary-expr","locations":[{"start":{"line":191,"column":11},"end":{"line":191,"column":null}},{"start":{"line":192,"column":12},"end":{"line":203,"column":null}}],"line":191},"15":{"loc":{"start":{"line":241,"column":9},"end":{"line":253,"column":null}},"type":"binary-expr","locations":[{"start":{"line":241,"column":9},"end":{"line":241,"column":null}},{"start":{"line":242,"column":10},"end":{"line":253,"column":null}}],"line":241}},"s":{"0":152,"1":4,"2":148,"3":148,"4":148,"5":148,"6":134,"7":94,"8":18,"9":19,"10":3,"11":134,"12":94,"13":4,"14":6,"15":4,"16":4,"17":19,"18":3,"19":1,"20":1,"21":30,"22":30,"23":1,"24":134,"25":30,"26":30,"27":30,"28":2,"29":3,"30":30,"31":2,"32":1,"33":1,"34":134,"35":134,"36":134,"37":1,"38":1,"39":58,"40":58,"41":58,"42":58,"43":58,"44":134},"f":{"0":152,"1":134,"2":134,"3":30,"4":2,"5":2,"6":1,"7":134,"8":1,"9":1,"10":58,"11":134},"b":{"0":[4,148],"1":[94,4,10,14,18,19,3],"2":[94,4,6,4,4,19,3],"3":[30,0],"4":[16,118],"5":[134,18],"6":[134,18],"7":[18,16],"8":[14,2],"9":[14,2],"10":[18,116],"11":[19,97],"12":[3,94],"13":[134,19,16],"14":[134,115],"15":[58,9]},"meta":{"lastBranch":16,"lastFunction":12,"lastStatement":45,"seen":{"f:5:9:5:21":0,"b:6:2:6:Infinity:undefined:undefined:undefined:undefined":0,"s:6:2:6:Infinity":0,"s:6:19:6:Infinity":1,"s:7:12:7:Infinity":2,"s:8:16:8:Infinity":3,"s:9:12:9:Infinity":4,"s:10:2:10:Infinity":5,"f:13:9:13:23":1,"b:15:4:16:Infinity:17:4:17:Infinity:18:4:18:Infinity:19:4:19:Infinity:20:4:21:Infinity:22:4:23:Infinity:24:4:25:Infinity":1,"s:14:2:26:Infinity":6,"s:16:6:16:Infinity":7,"s:21:6:21:Infinity":8,"s:23:6:23:Infinity":9,"s:25:6:25:Infinity":10,"f:29:9:29:24":2,"b:31:4:32:Infinity:33:4:34:Infinity:35:4:36:Infinity:37:4:38:Infinity:39:4:40:Infinity:41:4:42:Infinity:43:4:44:Infinity":2,"s:30:2:45:Infinity":11,"s:32:6:32:Infinity":12,"s:34:6:34:Infinity":13,"s:36:6:36:Infinity":14,"s:38:6:38:Infinity":15,"s:40:6:40:Infinity":16,"s:42:6:42:Infinity":17,"s:44:6:44:Infinity":18,"s:59:19:59:Infinity":19,"s:60:20:60:Infinity":20,"s:63:17:66:Infinity":21,"s:68:10:68:Infinity":22,"s:90:21:93:Infinity":23,"s:95:22:208:Infinity":24,"f:71:2:71:22":3,"b:72:4:83:Infinity:undefined:undefined:undefined:undefined":3,"s:72:4:83:Infinity":25,"s:73:6:75:Infinity":26,"s:77:6:81:Infinity":27,"f:77:47:77:48":4,"s:78:8:80:Infinity":28,"s:79:10:79:Infinity":29,"s:82:6:82:Infinity":30,"f:86:2:86:25":5,"s:87:4:87:Infinity":31,"f:90:21:90:22":6,"s:91:19:91:Infinity":32,"s:92:4:92:Infinity":33,"f:95:22:95:23":7,"s:96:23:96:Infinity":34,"s:98:6:104:Infinity":35,"b:98:48:103:Infinity:104:10:104:Infinity":4,"b:98:6:98:21:98:21:98:Infinity":5,"s:106:4:206:Infinity":36,"b:116:13:116:Infinity:117:14:130:Infinity":6,"b:122:17:122:Infinity:123:18:128:Infinity":7,"b:124:69:124:93:124:93:124:114":8,"b:126:43:126:49:126:49:126:Infinity":9,"b:137:12:150:Infinity:151:14:171:Infinity":10,"b:152:12:157:Infinity:158:14:171:Infinity":11,"b:159:12:164:Infinity:166:12:171:Infinity":12,"b:177:11:177:41:177:41:177:Infinity:178:12:189:Infinity":13,"f:180:23:180:29":8,"s:180:29:180:Infinity":37,"b:191:11:191:Infinity:192:12:203:Infinity":14,"f:194:23:194:29":9,"s:194:29:194:Infinity":38,"f:210:2:210:9":10,"s:211:24:211:Infinity":39,"s:212:23:215:Infinity":40,"s:216:21:219:Infinity":41,"s:221:25:221:Infinity":42,"s:223:4:255:Infinity":43,"f:236:30:236:31":11,"s:237:14:237:Infinity":44,"b:241:9:241:Infinity:242:10:253:Infinity":15}}}
,"C:\\Apps\\Media\\Images\\squoosh\\src\\client\\lazy-app\\BatchProcessor\\BatchProgress.tsx": {"path":"C:\\Apps\\Media\\Images\\squoosh\\src\\client\\lazy-app\\BatchProcessor\\BatchProgress.tsx","statementMap":{"0":{"start":{"line":5,"column":2},"end":{"line":5,"column":null}},"1":{"start":{"line":5,"column":19},"end":{"line":5,"column":null}},"2":{"start":{"line":6,"column":12},"end":{"line":6,"column":null}},"3":{"start":{"line":7,"column":16},"end":{"line":7,"column":null}},"4":{"start":{"line":8,"column":12},"end":{"line":8,"column":null}},"5":{"start":{"line":9,"column":2},"end":{"line":9,"column":null}},"6":{"start":{"line":25,"column":50},"end":{"line":117,"column":null}},"7":{"start":{"line":37,"column":19},"end":{"line":37,"column":null}},"8":{"start":{"line":38,"column":21},"end":{"line":38,"column":null}},"9":{"start":{"line":40,"column":2},"end":{"line":115,"column":null}}},"fnMap":{"0":{"name":"formatBytes","decl":{"start":{"line":4,"column":9},"end":{"line":4,"column":21}},"loc":{"start":{"line":4,"column":44},"end":{"line":10,"column":null}},"line":4},"1":{"name":"(anonymous_1)","decl":{"start":{"line":25,"column":50},"end":{"line":25,"column":51}},"loc":{"start":{"line":36,"column":6},"end":{"line":117,"column":null}},"line":36}},"branchMap":{"0":{"loc":{"start":{"line":5,"column":2},"end":{"line":5,"column":null}},"type":"if","locations":[{"start":{"line":5,"column":2},"end":{"line":5,"column":null}},{"start":{},"end":{}}],"line":5},"1":{"loc":{"start":{"line":37,"column":19},"end":{"line":37,"column":null}},"type":"cond-expr","locations":[{"start":{"line":37,"column":32},"end":{"line":37,"column":59}},{"start":{"line":37,"column":59},"end":{"line":37,"column":null}}],"line":37},"2":{"loc":{"start":{"line":57,"column":9},"end":{"line":82,"column":null}},"type":"binary-expr","locations":[{"start":{"line":57,"column":9},"end":{"line":57,"column":null}},{"start":{"line":58,"column":10},"end":{"line":82,"column":null}}],"line":57},"3":{"loc":{"start":{"line":86,"column":7},"end":{"line":113,"column":null}},"type":"binary-expr","locations":[{"start":{"line":86,"column":7},"end":{"line":86,"column":null}},{"start":{"line":87,"column":8},"end":{"line":113,"column":null}}],"line":86},"4":{"loc":{"start":{"line":88,"column":11},"end":{"line":101,"column":null}},"type":"cond-expr","locations":[{"start":{"line":89,"column":12},"end":{"line":94,"column":null}},{"start":{"line":96,"column":12},"end":{"line":101,"column":null}}],"line":88}},"s":{"0":24,"1":15,"2":9,"3":9,"4":9,"5":9,"6":1,"7":18,"8":18,"9":18},"f":{"0":24,"1":18},"b":{"0":[15,9],"1":[17,1],"2":[18,8],"3":[18,6],"4":[2,4]},"meta":{"lastBranch":5,"lastFunction":2,"lastStatement":10,"seen":{"f:4:9:4:21":0,"b:5:2:5:Infinity:undefined:undefined:undefined:undefined":0,"s:5:2:5:Infinity":0,"s:5:19:5:Infinity":1,"s:6:12:6:Infinity":2,"s:7:16:7:Infinity":3,"s:8:12:8:Infinity":4,"s:9:2:9:Infinity":5,"s:25:50:117:Infinity":6,"f:25:50:25:51":1,"s:37:19:37:Infinity":7,"b:37:32:37:59:37:59:37:Infinity":1,"s:38:21:38:Infinity":8,"s:40:2:115:Infinity":9,"b:57:9:57:Infinity:58:10:82:Infinity":2,"b:86:7:86:Infinity:87:8:113:Infinity":3,"b:89:12:94:Infinity:96:12:101:Infinity":4}}}
,"C:\\Apps\\Media\\Images\\squoosh\\src\\client\\lazy-app\\BatchProcessor\\BatchSettings.tsx": {"path":"C:\\Apps\\Media\\Images\\squoosh\\src\\client\\lazy-app\\BatchProcessor\\BatchSettings.tsx","statementMap":{"0":{"start":{"line":46,"column":6},"end":{"line":61,"column":null}},"1":{"start":{"line":48,"column":75},"end":{"line":50,"column":null}},"2":{"start":{"line":52,"column":4},"end":{"line":58,"column":null}},"3":{"start":{"line":54,"column":8},"end":{"line":56,"column":null}},"4":{"start":{"line":55,"column":10},"end":{"line":55,"column":null}},"5":{"start":{"line":60,"column":4},"end":{"line":60,"column":null}},"6":{"start":{"line":64,"column":17},"end":{"line":66,"column":null}},"7":{"start":{"line":75,"column":32},"end":{"line":79,"column":null}},"8":{"start":{"line":81,"column":37},"end":{"line":93,"column":null}},"9":{"start":{"line":95,"column":37},"end":{"line":99,"column":null}},"10":{"start":{"line":101,"column":34},"end":{"line":105,"column":null}},"11":{"start":{"line":107,"column":35},"end":{"line":109,"column":null}},"12":{"start":{"line":111,"column":37},"end":{"line":114,"column":null}},"13":{"start":{"line":69,"column":4},"end":{"line":69,"column":null}},"14":{"start":{"line":70,"column":4},"end":{"line":72,"column":null}},"15":{"start":{"line":71,"column":6},"end":{"line":71,"column":null}},"16":{"start":{"line":76,"column":15},"end":{"line":76,"column":null}},"17":{"start":{"line":77,"column":17},"end":{"line":77,"column":null}},"18":{"start":{"line":78,"column":4},"end":{"line":78,"column":null}},"19":{"start":{"line":82,"column":15},"end":{"line":82,"column":null}},"20":{"start":{"line":83,"column":22},"end":{"line":83,"column":null}},"21":{"start":{"line":85,"column":21},"end":{"line":91,"column":null}},"22":{"start":{"line":92,"column":4},"end":{"line":92,"column":null}},"23":{"start":{"line":96,"column":4},"end":{"line":98,"column":null}},"24":{"start":{"line":102,"column":4},"end":{"line":104,"column":null}},"25":{"start":{"line":108,"column":4},"end":{"line":108,"column":null}},"26":{"start":{"line":112,"column":15},"end":{"line":112,"column":null}},"27":{"start":{"line":113,"column":4},"end":{"line":113,"column":null}},"28":{"start":{"line":131,"column":20},"end":{"line":131,"column":null}},"29":{"start":{"line":133,"column":6},"end":{"line":133,"column":null}},"30":{"start":{"line":134,"column":10},"end":{"line":134,"column":null}},"31":{"start":{"line":136,"column":4},"end":{"line":275,"column":null}},"32":{"start":{"line":162,"column":18},"end":{"line":162,"column":null}}},"fnMap":{"0":{"name":"(anonymous_0)","decl":{"start":{"line":47,"column":3},"end":{"line":47,"column":15}},"loc":{"start":{"line":47,"column":15},"end":{"line":61,"column":5}},"line":47},"1":{"name":"(anonymous_1)","decl":{"start":{"line":53,"column":37},"end":{"line":53,"column":44}},"loc":{"start":{"line":53,"column":71},"end":{"line":57,"column":7}},"line":53},"2":{"name":"(anonymous_2)","decl":{"start":{"line":68,"column":2},"end":{"line":68,"column":16}},"loc":{"start":{"line":68,"column":16},"end":{"line":73,"column":null}},"line":68},"3":{"name":"(anonymous_3)","decl":{"start":{"line":70,"column":30},"end":{"line":70,"column":31}},"loc":{"start":{"line":71,"column":6},"end":{"line":71,"column":null}},"line":71},"4":{"name":"(anonymous_4)","decl":{"start":{"line":75,"column":32},"end":{"line":75,"column":33}},"loc":{"start":{"line":75,"column":50},"end":{"line":79,"column":null}},"line":75},"5":{"name":"(anonymous_5)","decl":{"start":{"line":81,"column":37},"end":{"line":81,"column":38}},"loc":{"start":{"line":81,"column":55},"end":{"line":93,"column":null}},"line":81},"6":{"name":"(anonymous_6)","decl":{"start":{"line":95,"column":37},"end":{"line":95,"column":38}},"loc":{"start":{"line":95,"column":77},"end":{"line":99,"column":null}},"line":95},"7":{"name":"(anonymous_7)","decl":{"start":{"line":101,"column":34},"end":{"line":101,"column":35}},"loc":{"start":{"line":101,"column":72},"end":{"line":105,"column":null}},"line":101},"8":{"name":"(anonymous_8)","decl":{"start":{"line":107,"column":35},"end":{"line":107,"column":36}},"loc":{"start":{"line":107,"column":67},"end":{"line":109,"column":null}},"line":107},"9":{"name":"(anonymous_9)","decl":{"start":{"line":111,"column":37},"end":{"line":111,"column":38}},"loc":{"start":{"line":111,"column":55},"end":{"line":114,"column":null}},"line":111},"10":{"name":"(anonymous_10)","decl":{"start":{"line":116,"column":2},"end":{"line":116,"column":null}},"loc":{"start":{"line":130,"column":4},"end":{"line":277,"column":null}},"line":130},"11":{"name":"(anonymous_11)","decl":{"start":{"line":161,"column":57},"end":{"line":161,"column":58}},"loc":{"start":{"line":162,"column":18},"end":{"line":162,"column":null}},"line":162}},"branchMap":{"0":{"loc":{"start":{"line":54,"column":8},"end":{"line":56,"column":null}},"type":"if","locations":[{"start":{"line":54,"column":8},"end":{"line":56,"column":null}},{"start":{},"end":{}}],"line":54},"1":{"loc":{"start":{"line":54,"column":12},"end":{"line":54,"column":72}},"type":"binary-expr","locations":[{"start":{"line":54,"column":12},"end":{"line":54,"column":40}},{"start":{"line":54,"column":40},"end":{"line":54,"column":72}}],"line":54},"2":{"loc":{"start":{"line":133,"column":6},"end":{"line":133,"column":null}},"type":"cond-expr","locations":[{"start":{"line":133,"column":29},"end":{"line":133,"column":47}},{"start":{"line":133,"column":47},"end":{"line":133,"column":null}}],"line":133},"3":{"loc":{"start":{"line":134,"column":10},"end":{"line":134,"column":null}},"type":"binary-expr","locations":[{"start":{"line":134,"column":10},"end":{"line":134,"column":53}},{"start":{"line":134,"column":53},"end":{"line":134,"column":null}}],"line":134},"4":{"loc":{"start":{"line":143,"column":9},"end":{"line":149,"column":null}},"type":"binary-expr","locations":[{"start":{"line":143,"column":9},"end":{"line":143,"column":null}},{"start":{"line":144,"column":10},"end":{"line":149,"column":null}}],"line":143},"5":{"loc":{"start":{"line":148,"column":32},"end":{"line":148,"column":83}},"type":"cond-expr","locations":[{"start":{"line":148,"column":53},"end":{"line":148,"column":80}},{"start":{"line":148,"column":80},"end":{"line":148,"column":83}}],"line":148},"6":{"loc":{"start":{"line":155,"column":13},"end":{"line":168,"column":null}},"type":"cond-expr","locations":[{"start":{"line":156,"column":14},"end":{"line":164,"column":null}},{"start":{"line":166,"column":14},"end":{"line":168,"column":null}}],"line":155},"7":{"loc":{"start":{"line":173,"column":13},"end":{"line":180,"column":null}},"type":"binary-expr","locations":[{"start":{"line":173,"column":13},"end":{"line":173,"column":null}},{"start":{"line":174,"column":14},"end":{"line":180,"column":null}}],"line":173},"8":{"loc":{"start":{"line":194,"column":15},"end":{"line":202,"column":null}},"type":"cond-expr","locations":[{"start":{"line":195,"column":16},"end":{"line":201,"column":null}},{"start":{"line":202,"column":18},"end":{"line":202,"column":null}}],"line":194},"9":{"loc":{"start":{"line":216,"column":15},"end":{"line":221,"column":null}},"type":"cond-expr","locations":[{"start":{"line":217,"column":16},"end":{"line":220,"column":null}},{"start":{"line":221,"column":18},"end":{"line":221,"column":null}}],"line":216},"10":{"loc":{"start":{"line":225,"column":11},"end":{"line":242,"column":null}},"type":"binary-expr","locations":[{"start":{"line":225,"column":11},"end":{"line":225,"column":null}},{"start":{"line":226,"column":12},"end":{"line":242,"column":null}}],"line":225},"11":{"loc":{"start":{"line":230,"column":31},"end":{"line":230,"column":null}},"type":"cond-expr","locations":[{"start":{"line":230,"column":50},"end":{"line":230,"column":73}},{"start":{"line":230,"column":73},"end":{"line":230,"column":null}}],"line":230},"12":{"loc":{"start":{"line":231,"column":21},"end":{"line":233,"column":null}},"type":"cond-expr","locations":[{"start":{"line":232,"column":24},"end":{"line":232,"column":null}},{"start":{"line":233,"column":24},"end":{"line":233,"column":null}}],"line":231},"13":{"loc":{"start":{"line":250,"column":22},"end":{"line":250,"column":null}},"type":"binary-expr","locations":[{"start":{"line":250,"column":22},"end":{"line":250,"column":38}},{"start":{"line":250,"column":38},"end":{"line":250,"column":null}}],"line":250},"14":{"loc":{"start":{"line":255,"column":13},"end":{"line":259,"column":null}},"type":"cond-expr","locations":[{"start":{"line":256,"column":16},"end":{"line":256,"column":null}},{"start":{"line":257,"column":16},"end":{"line":259,"column":null}}],"line":255},"15":{"loc":{"start":{"line":257,"column":16},"end":{"line":259,"column":null}},"type":"cond-expr","locations":[{"start":{"line":258,"column":18},"end":{"line":258,"column":null}},{"start":{"line":259,"column":18},"end":{"line":259,"column":null}}],"line":257},"16":{"loc":{"start":{"line":257,"column":16},"end":{"line":257,"column":null}},"type":"binary-expr","locations":[{"start":{"line":257,"column":16},"end":{"line":257,"column":30}},{"start":{"line":257,"column":30},"end":{"line":257,"column":null}}],"line":257},"17":{"loc":{"start":{"line":262,"column":11},"end":{"line":272,"column":null}},"type":"binary-expr","locations":[{"start":{"line":262,"column":11},"end":{"line":262,"column":null}},{"start":{"line":263,"column":12},"end":{"line":272,"column":null}}],"line":262},"18":{"loc":{"start":{"line":262,"column":13},"end":{"line":262,"column":null}},"type":"binary-expr","locations":[{"start":{"line":262,"column":13},"end":{"line":262,"column":27}},{"start":{"line":262,"column":27},"end":{"line":262,"column":null}}],"line":262}},"s":{"0":1,"1":1,"2":1,"3":4,"4":1,"5":1,"6":44,"7":1,"8":2,"9":1,"10":1,"11":1,"12":1,"13":44,"14":44,"15":44,"16":1,"17":1,"18":1,"19":2,"20":2,"21":2,"22":2,"23":1,"24":1,"25":1,"26":1,"27":1,"28":88,"29":88,"30":88,"31":88,"32":132},"f":{"0":1,"1":4,"2":44,"3":44,"4":1,"5":2,"6":1,"7":1,"8":1,"9":1,"10":88,"11":132},"b":{"0":[1,3],"1":[4,1],"2":[86,2],"3":[88,30],"4":[88,4],"5":[2,2],"6":[44,44],"7":[88,86],"8":[4,84],"9":[4,84],"10":[88,12],"11":[6,6],"12":[6,6],"13":[88,82],"14":[6,82],"15":[6,76],"16":[82,12],"17":[88,82],"18":[88,12]},"meta":{"lastBranch":19,"lastFunction":12,"lastStatement":33,"seen":{"s:46:6:61:Infinity":0,"f:47:3:47:15":0,"s:48:75:50:Infinity":1,"s:52:4:58:Infinity":2,"f:53:37:53:44":1,"b:54:8:56:Infinity:undefined:undefined:undefined:undefined":0,"s:54:8:56:Infinity":3,"b:54:12:54:40:54:40:54:72":1,"s:55:10:55:Infinity":4,"s:60:4:60:Infinity":5,"s:64:17:66:Infinity":6,"s:75:32:79:Infinity":7,"s:81:37:93:Infinity":8,"s:95:37:99:Infinity":9,"s:101:34:105:Infinity":10,"s:107:35:109:Infinity":11,"s:111:37:114:Infinity":12,"f:68:2:68:16":2,"s:69:4:69:Infinity":13,"s:70:4:72:Infinity":14,"f:70:30:70:31":3,"s:71:6:71:Infinity":15,"f:75:32:75:33":4,"s:76:15:76:Infinity":16,"s:77:17:77:Infinity":17,"s:78:4:78:Infinity":18,"f:81:37:81:38":5,"s:82:15:82:Infinity":19,"s:83:22:83:Infinity":20,"s:85:21:91:Infinity":21,"s:92:4:92:Infinity":22,"f:95:37:95:38":6,"s:96:4:98:Infinity":23,"f:101:34:101:35":7,"s:102:4:104:Infinity":24,"f:107:35:107:36":8,"s:108:4:108:Infinity":25,"f:111:37:111:38":9,"s:112:15:112:Infinity":26,"s:113:4:113:Infinity":27,"f:116:2:116:Infinity":10,"s:131:20:131:Infinity":28,"s:133:6:133:Infinity":29,"b:133:29:133:47:133:47:133:Infinity":2,"s:134:10:134:Infinity":30,"b:134:10:134:53:134:53:134:Infinity":3,"s:136:4:275:Infinity":31,"b:143:9:143:Infinity:144:10:149:Infinity":4,"b:148:53:148:80:148:80:148:83":5,"b:156:14:164:Infinity:166:14:168:Infinity":6,"f:161:57:161:58":11,"s:162:18:162:Infinity":32,"b:173:13:173:Infinity:174:14:180:Infinity":7,"b:195:16:201:Infinity:202:18:202:Infinity":8,"b:217:16:220:Infinity:221:18:221:Infinity":9,"b:225:11:225:Infinity:226:12:242:Infinity":10,"b:230:50:230:73:230:73:230:Infinity":11,"b:232:24:232:Infinity:233:24:233:Infinity":12,"b:250:22:250:38:250:38:250:Infinity":13,"b:256:16:256:Infinity:257:16:259:Infinity":14,"b:258:18:258:Infinity:259:18:259:Infinity":15,"b:257:16:257:30:257:30:257:Infinity":16,"b:262:11:262:Infinity:263:12:272:Infinity":17,"b:262:13:262:27:262:27:262:Infinity":18}}}
,"C:\\Apps\\Media\\Images\\squoosh\\src\\client\\lazy-app\\BatchProcessor\\WorkerPool.ts": {"path":"C:\\Apps\\Media\\Images\\squoosh\\src\\client\\lazy-app\\BatchProcessor\\WorkerPool.ts","statementMap":{"0":{"start":{"line":8,"column":20},"end":{"line":8,"column":null}},"1":{"start":{"line":12,"column":22},"end":{"line":12,"column":null}},"2":{"start":{"line":13,"column":2},"end":{"line":13,"column":null}},"3":{"start":{"line":23,"column":36},"end":{"line":23,"column":null}},"4":{"start":{"line":27,"column":7},"end":{"line":27,"column":null}},"5":{"start":{"line":31,"column":4},"end":{"line":31,"column":null}},"6":{"start":{"line":38,"column":4},"end":{"line":38,"column":null}},"7":{"start":{"line":45,"column":4},"end":{"line":45,"column":null}},"8":{"start":{"line":45,"column":38},"end":{"line":45,"column":45}},"9":{"start":{"line":52,"column":4},"end":{"line":52,"column":null}},"10":{"start":{"line":52,"column":38},"end":{"line":52,"column":44}},"11":{"start":{"line":62,"column":28},"end":{"line":62,"column":null}},"12":{"start":{"line":62,"column":53},"end":{"line":62,"column":60}},"13":{"start":{"line":63,"column":4},"end":{"line":66,"column":null}},"14":{"start":{"line":64,"column":6},"end":{"line":64,"column":null}},"15":{"start":{"line":65,"column":6},"end":{"line":65,"column":null}},"16":{"start":{"line":69,"column":4},"end":{"line":77,"column":null}},"17":{"start":{"line":70,"column":35},"end":{"line":74,"column":null}},"18":{"start":{"line":75,"column":6},"end":{"line":75,"column":null}},"19":{"start":{"line":76,"column":6},"end":{"line":76,"column":null}},"20":{"start":{"line":80,"column":4},"end":{"line":82,"column":null}},"21":{"start":{"line":81,"column":6},"end":{"line":81,"column":null}},"22":{"start":{"line":90,"column":4},"end":{"line":90,"column":null}},"23":{"start":{"line":93,"column":21},"end":{"line":93,"column":null}},"24":{"start":{"line":94,"column":4},"end":{"line":97,"column":null}},"25":{"start":{"line":95,"column":6},"end":{"line":95,"column":null}},"26":{"start":{"line":96,"column":6},"end":{"line":96,"column":null}},"27":{"start":{"line":107,"column":19},"end":{"line":107,"column":null}},"28":{"start":{"line":108,"column":4},"end":{"line":112,"column":null}},"29":{"start":{"line":109,"column":6},"end":{"line":109,"column":null}},"30":{"start":{"line":111,"column":6},"end":{"line":111,"column":null}},"31":{"start":{"line":120,"column":4},"end":{"line":122,"column":null}},"32":{"start":{"line":121,"column":6},"end":{"line":121,"column":null}},"33":{"start":{"line":123,"column":4},"end":{"line":123,"column":null}},"34":{"start":{"line":124,"column":4},"end":{"line":124,"column":null}}},"fnMap":{"0":{"name":"getOptimalWorkerCount","decl":{"start":{"line":11,"column":9},"end":{"line":11,"column":41}},"loc":{"start":{"line":11,"column":41},"end":{"line":14,"column":null}},"line":11},"1":{"name":"(anonymous_1)","decl":{"start":{"line":30,"column":2},"end":{"line":30,"column":14}},"loc":{"start":{"line":30,"column":35},"end":{"line":32,"column":null}},"line":30},"2":{"name":"(anonymous_2)","decl":{"start":{"line":37,"column":6},"end":{"line":37,"column":21}},"loc":{"start":{"line":37,"column":21},"end":{"line":39,"column":null}},"line":37},"3":{"name":"(anonymous_3)","decl":{"start":{"line":44,"column":6},"end":{"line":44,"column":31}},"loc":{"start":{"line":44,"column":31},"end":{"line":46,"column":null}},"line":44},"4":{"name":"(anonymous_4)","decl":{"start":{"line":45,"column":31},"end":{"line":45,"column":32}},"loc":{"start":{"line":45,"column":38},"end":{"line":45,"column":45}},"line":45},"5":{"name":"(anonymous_5)","decl":{"start":{"line":51,"column":6},"end":{"line":51,"column":26}},"loc":{"start":{"line":51,"column":26},"end":{"line":53,"column":null}},"line":51},"6":{"name":"(anonymous_6)","decl":{"start":{"line":52,"column":31},"end":{"line":52,"column":32}},"loc":{"start":{"line":52,"column":38},"end":{"line":52,"column":44}},"line":52},"7":{"name":"(anonymous_7)","decl":{"start":{"line":60,"column":8},"end":{"line":60,"column":41}},"loc":{"start":{"line":60,"column":41},"end":{"line":83,"column":null}},"line":60},"8":{"name":"(anonymous_8)","decl":{"start":{"line":62,"column":46},"end":{"line":62,"column":47}},"loc":{"start":{"line":62,"column":53},"end":{"line":62,"column":60}},"line":62},"9":{"name":"(anonymous_9)","decl":{"start":{"line":80,"column":23},"end":{"line":80,"column":24}},"loc":{"start":{"line":80,"column":44},"end":{"line":82,"column":5}},"line":80},"10":{"name":"(anonymous_10)","decl":{"start":{"line":89,"column":2},"end":{"line":89,"column":10}},"loc":{"start":{"line":89,"column":38},"end":{"line":98,"column":null}},"line":89},"11":{"name":"(anonymous_11)","decl":{"start":{"line":104,"column":8},"end":{"line":104,"column":null}},"loc":{"start":{"line":106,"column":16},"end":{"line":113,"column":null}},"line":106},"12":{"name":"(anonymous_12)","decl":{"start":{"line":118,"column":2},"end":{"line":118,"column":18}},"loc":{"start":{"line":118,"column":18},"end":{"line":125,"column":null}},"line":118}},"branchMap":{"0":{"loc":{"start":{"line":12,"column":22},"end":{"line":12,"column":null}},"type":"binary-expr","locations":[{"start":{"line":12,"column":22},"end":{"line":12,"column":55}},{"start":{"line":12,"column":55},"end":{"line":12,"column":null}}],"line":12},"1":{"loc":{"start":{"line":31,"column":22},"end":{"line":31,"column":null}},"type":"binary-expr","locations":[{"start":{"line":31,"column":22},"end":{"line":31,"column":36}},{"start":{"line":31,"column":36},"end":{"line":31,"column":null}}],"line":31},"2":{"loc":{"start":{"line":63,"column":4},"end":{"line":66,"column":null}},"type":"if","locations":[{"start":{"line":63,"column":4},"end":{"line":66,"column":null}},{"start":{},"end":{}}],"line":63},"3":{"loc":{"start":{"line":69,"column":4},"end":{"line":77,"column":null}},"type":"if","locations":[{"start":{"line":69,"column":4},"end":{"line":77,"column":null}},{"start":{},"end":{}}],"line":69},"4":{"loc":{"start":{"line":94,"column":4},"end":{"line":97,"column":null}},"type":"if","locations":[{"start":{"line":94,"column":4},"end":{"line":97,"column":null}},{"start":{},"end":{}}],"line":94}},"s":{"0":1,"1":4,"2":4,"3":36,"4":36,"5":36,"6":6,"7":12,"8":24,"9":16,"10":31,"11":69,"12":58,"13":69,"14":4,"15":4,"16":65,"17":42,"18":42,"19":42,"20":23,"21":23,"22":46,"23":46,"24":46,"25":19,"26":19,"27":32,"28":32,"29":32,"30":32,"31":4,"32":4,"33":4,"34":4},"f":{"0":4,"1":36,"2":6,"3":12,"4":24,"5":16,"6":31,"7":69,"8":58,"9":23,"10":46,"11":32,"12":4},"b":{"0":[4,2],"1":[36,4],"2":[4,65],"3":[42,23],"4":[19,27]},"meta":{"lastBranch":5,"lastFunction":13,"lastStatement":35,"seen":{"s:8:20:8:Infinity":0,"f:11:9:11:41":0,"s:12:22:12:Infinity":1,"b:12:22:12:55:12:55:12:Infinity":0,"s:13:2:13:Infinity":2,"s:23:36:23:Infinity":3,"s:27:7:27:Infinity":4,"f:30:2:30:14":1,"s:31:4:31:Infinity":5,"b:31:22:31:36:31:36:31:Infinity":1,"f:37:6:37:21":2,"s:38:4:38:Infinity":6,"f:44:6:44:31":3,"s:45:4:45:Infinity":7,"f:45:31:45:32":4,"s:45:38:45:45":8,"f:51:6:51:26":5,"s:52:4:52:Infinity":9,"f:52:31:52:32":6,"s:52:38:52:44":10,"f:60:8:60:41":7,"s:62:28:62:Infinity":11,"f:62:46:62:47":8,"s:62:53:62:60":12,"b:63:4:66:Infinity:undefined:undefined:undefined:undefined":2,"s:63:4:66:Infinity":13,"s:64:6:64:Infinity":14,"s:65:6:65:Infinity":15,"b:69:4:77:Infinity:undefined:undefined:undefined:undefined":3,"s:69:4:77:Infinity":16,"s:70:35:74:Infinity":17,"s:75:6:75:Infinity":18,"s:76:6:76:Infinity":19,"s:80:4:82:Infinity":20,"f:80:23:80:24":9,"s:81:6:81:Infinity":21,"f:89:2:89:10":10,"s:90:4:90:Infinity":22,"s:93:21:93:Infinity":23,"b:94:4:97:Infinity:undefined:undefined:undefined:undefined":4,"s:94:4:97:Infinity":24,"s:95:6:95:Infinity":25,"s:96:6:96:Infinity":26,"f:104:8:104:Infinity":11,"s:107:19:107:Infinity":27,"s:108:4:112:Infinity":28,"s:109:6:109:Infinity":29,"s:111:6:111:Infinity":30,"f:118:2:118:18":12,"s:120:4:122:Infinity":31,"s:121:6:121:Infinity":32,"s:123:4:123:Infinity":33,"s:124:4:124:Infinity":34}}}
,"C:\\Apps\\Media\\Images\\squoosh\\src\\client\\lazy-app\\util\\fs-access.ts": {"path":"C:\\Apps\\Media\\Images\\squoosh\\src\\client\\lazy-app\\util\\fs-access.ts","statementMap":{"0":{"start":{"line":50,"column":2},"end":{"line":50,"column":null}},"1":{"start":{"line":56,"column":20},"end":{"line":73,"column":null}},"2":{"start":{"line":80,"column":2},"end":{"line":82,"column":null}},"3":{"start":{"line":81,"column":4},"end":{"line":81,"column":null}},"4":{"start":{"line":84,"column":2},"end":{"line":104,"column":null}},"5":{"start":{"line":85,"column":20},"end":{"line":88,"column":null}},"6":{"start":{"line":90,"column":47},"end":{"line":95,"column":null}},"7":{"start":{"line":91,"column":37},"end":{"line":94,"column":8}},"8":{"start":{"line":97,"column":4},"end":{"line":97,"column":null}},"9":{"start":{"line":100,"column":4},"end":{"line":102,"column":null}},"10":{"start":{"line":101,"column":6},"end":{"line":101,"column":null}},"11":{"start":{"line":103,"column":4},"end":{"line":103,"column":null}},"12":{"start":{"line":116,"column":19},"end":{"line":116,"column":null}},"13":{"start":{"line":117,"column":2},"end":{"line":121,"column":null}},"14":{"start":{"line":118,"column":4},"end":{"line":118,"column":null}},"15":{"start":{"line":120,"column":4},"end":{"line":120,"column":null}},"16":{"start":{"line":129,"column":2},"end":{"line":129,"column":null}},"17":{"start":{"line":129,"column":14},"end":{"line":129,"column":null}},"18":{"start":{"line":130,"column":2},"end":{"line":130,"column":null}},"19":{"start":{"line":130,"column":42},"end":{"line":130,"column":51}},"20":{"start":{"line":137,"column":2},"end":{"line":139,"column":null}},"21":{"start":{"line":151,"column":16},"end":{"line":151,"column":null}},"22":{"start":{"line":152,"column":45},"end":{"line":152,"column":null}},"23":{"start":{"line":155,"column":2},"end":{"line":186,"column":null}},"24":{"start":{"line":156,"column":27},"end":{"line":172,"column":null}},"25":{"start":{"line":157,"column":24},"end":{"line":157,"column":44}},"26":{"start":{"line":159,"column":8},"end":{"line":168,"column":null}},"27":{"start":{"line":160,"column":25},"end":{"line":160,"column":null}},"28":{"start":{"line":161,"column":10},"end":{"line":165,"column":null}},"29":{"start":{"line":162,"column":31},"end":{"line":162,"column":null}},"30":{"start":{"line":163,"column":25},"end":{"line":163,"column":null}},"31":{"start":{"line":164,"column":12},"end":{"line":164,"column":null}},"32":{"start":{"line":170,"column":21},"end":{"line":170,"column":null}},"33":{"start":{"line":171,"column":8},"end":{"line":171,"column":null}},"34":{"start":{"line":174,"column":20},"end":{"line":174,"column":null}},"35":{"start":{"line":175,"column":4},"end":{"line":177,"column":null}},"36":{"start":{"line":176,"column":6},"end":{"line":176,"column":null}},"37":{"start":{"line":176,"column":18},"end":{"line":176,"column":null}},"38":{"start":{"line":180,"column":4},"end":{"line":185,"column":null}},"39":{"start":{"line":181,"column":6},"end":{"line":184,"column":null}},"40":{"start":{"line":182,"column":21},"end":{"line":182,"column":null}},"41":{"start":{"line":183,"column":8},"end":{"line":183,"column":null}},"42":{"start":{"line":183,"column":18},"end":{"line":183,"column":null}},"43":{"start":{"line":188,"column":2},"end":{"line":188,"column":null}},"44":{"start":{"line":198,"column":2},"end":{"line":198,"column":null}},"45":{"start":{"line":198,"column":15},"end":{"line":198,"column":null}},"46":{"start":{"line":200,"column":2},"end":{"line":212,"column":null}},"47":{"start":{"line":202,"column":4},"end":{"line":202,"column":null}},"48":{"start":{"line":202,"column":33},"end":{"line":202,"column":null}},"49":{"start":{"line":203,"column":23},"end":{"line":203,"column":null}},"50":{"start":{"line":204,"column":4},"end":{"line":204,"column":null}},"51":{"start":{"line":204,"column":34},"end":{"line":204,"column":null}},"52":{"start":{"line":207,"column":4},"end":{"line":207,"column":null}},"53":{"start":{"line":207,"column":35},"end":{"line":207,"column":null}},"54":{"start":{"line":208,"column":20},"end":{"line":208,"column":null}},"55":{"start":{"line":209,"column":4},"end":{"line":209,"column":null}},"56":{"start":{"line":211,"column":4},"end":{"line":211,"column":null}}},"fnMap":{"0":{"name":"supportsFileSystemAccess","decl":{"start":{"line":49,"column":16},"end":{"line":49,"column":52}},"loc":{"start":{"line
[...]
"start":{"line":138,"column":4},"end":{"line":138,"column":null}},{"start":{"line":139,"column":4},"end":{"line":139,"column":null}}],"line":138},"5":{"loc":{"start":{"line":155,"column":2},"end":{"line":186,"column":null}},"type":"if","locations":[{"start":{"line":155,"column":2},"end":{"line":186,"column":null}},{"start":{"line":178,"column":9},"end":{"line":186,"column":null}}],"line":155},"6":{"loc":{"start":{"line":161,"column":10},"end":{"line":165,"column":null}},"type":"if","locations":[{"start":{"line":161,"column":10},"end":{"line":165,"column":null}},{"start":{},"end":{}}],"line":161},"7":{"loc":{"start":{"line":161,"column":14},"end":{"line":161,"column":48}},"type":"binary-expr","locations":[{"start":{"line":161,"column":14},"end":{"line":161,"column":24}},{"start":{"line":161,"column":24},"end":{"line":161,"column":48}}],"line":161},"8":{"loc":{"start":{"line":171,"column":15},"end":{"line":171,"column":null}},"type":"cond-expr","locations":[{"start":{"line":171,"column":22},"end":{"line":171,"column":33}},{"start":{"line":171,"column":33},"end":{"line":171,"column":null}}],"line":171},"9":{"loc":{"start":{"line":176,"column":6},"end":{"line":176,"column":null}},"type":"if","locations":[{"start":{"line":176,"column":6},"end":{"line":176,"column":null}},{"start":{},"end":{}}],"line":176},"10":{"loc":{"start":{"line":181,"column":6},"end":{"line":184,"column":null}},"type":"if","locations":[{"start":{"line":181,"column":6},"end":{"line":184,"column":null}},{"start":{},"end":{}}],"line":181},"11":{"loc":{"start":{"line":183,"column":8},"end":{"line":183,"column":null}},"type":"if","locations":[{"start":{"line":183,"column":8},"end":{"line":183,"column":null}},{"start":{},"end":{}}],"line":183},"12":{"loc":{"start":{"line":198,"column":2},"end":{"line":198,"column":null}},"type":"if","locations":[{"start":{"line":198,"column":2},"end":{"line":198,"column":null}},{"start":{},"end":{}}],"line":198},"13":{"loc":{"start":{"line":202,"column":4},"end":{"line":202,"column":null}},"type":"if","locations":[{"start":{"line":202,"column":4},"end":{"line":202,"column":null}},{"start":{},"end":{}}],"line":202},"14":{"loc":{"start":{"line":204,"column":4},"end":{"line":204,"column":null}},"type":"if","locations":[{"start":{"line":204,"column":4},"end":{"line":204,"column":null}},{"start":{},"end":{}}],"line":204},"15":{"loc":{"start":{"line":207,"column":4},"end":{"line":207,"column":null}},"type":"if","locations":[{"start":{"line":207,"column":4},"end":{"line":207,"column":null}},{"start":{},"end":{}}],"line":207}},"s":{"0":8,"1":1,"2":5,"3":1,"4":4,"5":4,"6":2,"7":2,"8":2,"9":2,"10":1,"11":1,"12":3,"13":2,"14":2,"15":2,"16":4,"17":1,"18":3,"19":3,"20":12,"21":9,"22":9,"23":9,"24":5,"25":6,"26":6,"27":6,"28":4,"29":2,"30":2,"31":2,"32":4,"33":4,"34":5,"35":5,"36":6,"37":6,"38":4,"39":4,"40":3,"41":3,"42":2,"43":9,"44":9,"45":2,"46":7,"47":7,"48":1,"49":6,"50":5,"51":1,"52":4,"53":1,"54":3,"55":2,"56":2},"f":{"0":8,"1":5,"2":2,"3":3,"4":4,"5":3,"6":12,"7":9,"8":6,"9":6,"10":9},"b":{"0":[1,4],"1":[1,1],"2":[2,2],"3":[1,3],"4":[12,11],"5":[5,4],"6":[2,2],"7":[4,3],"8":[4,0],"9":[6,0],"10":[3,1],"11":[2,1],"12":[2,7],"13":[1,6],"14":[1,4],"15":[1,3]},"meta":{"lastBranch":16,"lastFunction":11,"lastStatement":57,"seen":{"f:49:16:49:52":0,"s:50:2:50:Infinity":0,"s:56:20:73:Infinity":1,"f:79:22:79:72":1,"b:80:2:82:Infinity:undefined:undefined:undefined:undefined":0,"s:80:2:82:Infinity":2,"s:81:4:81:Infinity":3,"s:84:2:104:Infinity":4,"s:85:20:88:Infinity":5,"s:90:47:95:Infinity":6,"f:91:18:91:25":2,"s:91:37:94:8":7,"s:97:4:97:Infinity":8,"b:100:4:102:Infinity:undefined:undefined:undefined:undefined":1,"s:100:4:102:Infinity":9,"b:100:8:100:32:100:32:100:59":2,"s:101:6:101:Infinity":10,"s:103:4:103:Infinity":11,"f:112:22:112:Infinity":3,"s:116:19:116:Infinity":12,"s:117:2:121:Infinity":13,"s:118:4:118:Infinity":14,"s:120:4:120:Infinity":15,"f:128:16:128:34":4,"b:129:2:129:Infinity:undefined:undefined:undefined:undefined":3,"s:129:2:129:Infinity":16,"s:129:14:129:Infinity":17,"s:130:2:130:Infinity":18,"f:130:31:130:32":5,"s:130:42:130:51":19,"f:136:16:136:60":6,"s:137:2:139:Infinity":20,"b:138:4:138:Infinity:139:4:139:Infinity":4,"f:148:22:148:Infinity":7,"s:151:16:151:Infinity":21,"s:152:45:152:Infinity":22,"b:155:2:186:Infinity:178:9:186:Infinity":5,"s:155:2:186:Infinity":23,"s:156:27:172:Infinity":24,"f:157:14:157:15":8,"s:157:24:157:44":25,"f:158:11:158:18":9,"s:159:8:168:Infinity":26,"s:160:25:160:Infinity":27,"b:161:10:165:Infinity:undefined:undefined:undefined:undefined":6,"s:161:10:165:Infinity":28,"b:161:14:161:24:161:24:161:48":7,"s:162:31:162:Infinity":29,"s:163:25:163:Infinity":30,"s:164:12:164:Infinity":31,"s:170:21:170:Infinity":32,"s:171:8:171:Infinity":33,"b:171:22:171:33:171:33:171:Infinity":8,"s:174:20:174:Infinity":34,"s:175:4:177:Infinity":35,"b:176:6:176:Infinity:undefined:undefined:undefined:undefined":9,"s:176:6:176:Infinity":36,"s:176:18:176:Infinity":37,"s:180:4:185:Infinity":38,"b:181:6:184:Infinity:undefined:undefined:undefined:undefined":10,"s:181:6:184:Infinity":39,"s:182:21:182:Infinity":40,"b:183:8:183:Infinity:undefined:undefined:undefined:undefined":11,"s:183:8:183:Infinity":41,"s:183:18:183:Infinity":42,"s:188:2:188:Infinity":43,"f:195:22:195:Infinity":10,"b:198:2:198:Infinity:undefined:undefined:undefined:undefined":12,"s:198:2:198:Infinity":44,"s:198:15:198:Infinity":45,"s:200:2:212:Infinity":46,"b:202:4:202:Infinity:undefined:undefined:undefined:undefined":13,"s:202:4:202:Infinity":47,"s:202:33:202:Infinity":48,"s:203:23:203:Infinity":49,"b:204:4:204:Infinity:undefined:undefined:undefined:undefined":14,"s:204:4:204:Infinity":50,"s:204:34:204:Infinity":51,"b:207:4:207:Infinity:undefined:undefined:undefined:undefined":15,"s:207:4:207:Infinity":52,"s:207:35:207:Infinity":53,"s:208:20:208:Infinity":54,"s:209:4:209:Infinity":55,"s:211:4:211:Infinity":56}}}
,"C:\\Apps\\Media\\Images\\squoosh\\src\\client\\lazy-app\\util\\sharp-server.ts": {"path":"C:\\Apps\\Media\\Images\\squoosh\\src\\client\\lazy-app\\util\\sharp-server.ts","statementMap":{"0":{"start":{"line":6,"column":19},"end":{"line":6,"column":null}},"1":{"start":{"line":7,"column":29},"end":{"line":7,"column":null}},"2":{"start":{"line":54,"column":2},"end":{"line":75,"column":null}},"3":{"start":{"line":55,"column":23},"end":{"line":55,"column":null}},"4":{"start":{"line":56,"column":20},"end":{"line":56,"column":null}},"5":{"start":{"line":56,"column":44},"end":{"line":56,"column":64}},"6":{"start":{"line":58,"column":21},"end":{"line":60,"column":null}},"7":{"start":{"line":62,"column":4},"end":{"line":62,"column":null}},"8":{"start":{"line":64,"column":4},"end":{"line":71,"column":null}},"9":{"start":{"line":65,"column":19},"end":{"line":65,"column":null}},"10":{"start":{"line":66,"column":6},"end":{"line":70,"column":null}},"11":{"start":{"line":72,"column":4},"end":{"line":72,"column":null}},"12":{"start":{"line":74,"column":4},"end":{"line":74,"column":null}},"13":{"start":{"line":82,"column":42},"end":{"line":93,"column":null}},"14":{"start":{"line":94,"column":2},"end":{"line":94,"column":null}},"15":{"start":{"line":102,"column":2},"end":{"line":102,"column":null}},"16":{"start":{"line":102,"column":43},"end":{"line":102,"column":null}},"17":{"start":{"line":103,"column":2},"end":{"line":103,"column":null}},"18":{"start":{"line":103,"column":43},"end":{"line":103,"column":null}},"19":{"start":{"line":104,"column":2},"end":{"line":104,"column":null}},"20":{"start":{"line":119,"column":19},"end":{"line":119,"column":null}},"21":{"start":{"line":120,"column":2},"end":{"line":120,"column":null}},"22":{"start":{"line":121,"column":2},"end":{"line":121,"column":null}},"23":{"start":{"line":122,"column":2},"end":{"line":122,"column":null}},"24":{"start":{"line":124,"column":19},"end":{"line":127,"column":null}},"25":{"start":{"line":129,"column":2},"end":{"line":132,"column":null}},"26":{"start":{"line":130,"column":22},"end":{"line":130,"column":null}},"27":{"start":{"line":131,"column":4},"end":{"line":131,"column":null}},"28":{"start":{"line":134,"column":15},"end":{"line":134,"column":null}},"29":{"start":{"line":135,"column":23},"end":{"line":135,"column":null}},"30":{"start":{"line":136,"column":25},"end":{"line":136,"column":null}},"31":{"start":{"line":138,"column":2},"end":{"line":138,"column":null}},"32":{"start":{"line":155,"column":19},"end":{"line":164,"column":null}},"33":{"start":{"line":166,"column":2},"end":{"line":169,"column":null}},"34":{"start":{"line":167,"column":22},"end":{"line":167,"column":null}},"35":{"start":{"line":168,"column":4},"end":{"line":168,"column":null}},"36":{"start":{"line":171,"column":2},"end":{"line":171,"column":null}},"37":{"start":{"line":187,"column":2},"end":{"line":248,"column":null}},"38":{"start":{"line":188,"column":17},"end":{"line":192,"column":null}},"39":{"start":{"line":195,"column":4},"end":{"line":247,"column":null}},"40":{"start":{"line":201,"column":8},"end":{"line":205,"column":null}},"41":{"start":{"line":202,"column":28},"end":{"line":202,"column":null}},"42":{"start":{"line":203,"column":10},"end":{"line":203,"column":null}},"43":{"start":{"line":204,"column":10},"end":{"line":204,"column":null}},"44":{"start":{"line":207,"column":23},"end":{"line":207,"column":null}},"45":{"start":{"line":208,"column":8},"end":{"line":211,"column":null}},"46":{"start":{"line":209,"column":10},"end":{"line":209,"column":null}},"47":{"start":{"line":210,"column":10},"end":{"line":210,"column":null}},"48":{"start":{"line":213,"column":24},"end":{"line":213,"column":null}},"49":{"start":{"line":214,"column":21},"end":{"line":214,"column":null}},"50":{"start":{"line":216,"column":8},"end":{"line":245,"column":null}},"51":{"start":{"line":217,"column":34},"end":{"line":217,"column":null}},"52":{"start":{"line":219,"column":10},"end":{"line":222,"column":null}},"53":{"start":{"line":220,"column":12},"end":{"line":220,"column":null}},"54":{"start":{"line":221,"column":12},"end":{"line":221,"column":null}},"55":{"start":{"line":224,"column":10},"end":{"line":224,"column":null}},"56":{"start":{"line":227,"column":24},"end":{"line":227,"column":null}},"57":{"start":{"line":228,"column":10},"end":{"line":228,"column":null}},"58":{"start":{"line":230,"column":10},"end":{"line":244,"column":null}},"59":{"start":{"line":231,"column":12},"end":{"line":243,"column":null}},"60":{"start":{"line":232,"column":14},"end":{"line":242,"column":null}},"61":{"start":{"line":233,"column":30},"end":{"line":233,"column":null}},"62":{"start":{"line":234,"column":16},"end":{"line":234,"column":null}},"63":{"start":{"line":236,"column":16},"end":{"line":239,"column":null}},"64":{"start":{"line":237,"column":18},"end":{"line":237,"column":null}},"65":{"start":{"line":238,"column":18},"end":{"line":238,"column":null}},"66":{"start":{"line":255,"column":2},"end":{"line":255,"column":null}}},"fnMap":{"0":{"name":"checkSharpServer","decl":{"start":{"line":53,"column":22},"end":{"line":53,"column":69}},"loc":{"start":{"line":53,"column":69},"end":{"line":76,"column":null}},"line":53},"1":{"name":"(anonymous_1)","decl":{"start":{"line":56,"column":38},"end":{"line":56,"column":44}},"loc":{"start":{"line":56,"column":44},"end":{"line":56,"column":64}},"line":56},"2":{"name":"mapFormat","decl":{"start":{"line":81,"column":16},"end":{"line":81,"column":26}},"loc":{"start":{"line":81,"column":55},"end":{"line":95,"column":null}},"line":81},"3":{"name":"getQuality","decl":{"start":{"line":100,"column":16},"end":{"line":100,"column":27}},"loc":{"start":{"line":100,"column":69},"end":{"line":105,"column":null}},"line":100},"4":{"name":"processViaServer","decl":{"start":{"line":114,"column":22},"end":{"line":114,"column":null}},"loc":{"start":{"line":118,"column":26},"end":{"line":139,"column":null}},"line":118},"5":{"name":"processAndSaveViaServer","decl":{"start":{"line":149,"column":22},"end":{"line":149,"column":null}},"loc":{"start":{"line":154,"column":23},"end":{"line":172,"column":null}},"line":154},"6":{"name":"processBatchViaServer","decl":{"start":{"line":181,"column":22},"end":{"line":181,"column":null}},"loc":{"start":{"line":186,"column":17},"end":{"line":249,"column":null}},"line":186},"7":{"name":"(anonymous_7)","decl":{"start":{"line":187,"column":21},"end":{"line":187,"column":22}},"loc":{"start":{"line":187,"column":42},"end":{"line":248,"column":3}},"line":187},"8":{"name":"(anonymous_8)","decl":{"start":{"line":200,"column":12},"end":{"line":200,"column":19}},"loc":{"start":{"line":200,"column":32},"end":{"line":246,"column":7}},"line":200},"9":{"name":"getServerUrl","decl":{"start":{"line":254,"column":16},"end":{"line":254,"column":39}},"loc":{"start":{"line":254,"column":39},"end":{"line":256,"column":null}},"line":254}},"branchMap":{"0":{"loc":{"start":{"line":64,"column":4},"end":{"line":71,"column":null}},"type":"if","locations":[{"start":{"line":64,"column":4},"end":{"line":71,"column":null}},{"start":{},"end":{}}],"line":64},"1":{"loc":{"start":{"line":94,"column":9},"end":{"line":94,"column":null}},"type":"binary-expr","locations":[{"start":{"line":94,"column":9},"end":{"line":94,"column":33}},{"start":{"line":94,"column":33},"end":{"line":94,"column":null}}],"line":94},"2":{"loc":{"start":{"line":102,"column":2},"end":{"line":102,"column":null}},"type":"if","locations":[{"start":{"line":102,"column":2},"end":{"line":102,"column":null}},{"start":{},"end":{}}],"line":102},"3":{"loc":{"start":{"line":103,"column":2},"end":{"line":103,"column":null}},"type":"if","locations":[{"start":{"line":103,"column":2},"end":{"line":103,"column":null}},{"start":{},"end":{}}],"line":103},"4":{"loc":{"start":{"line":129,"column":2},"end":{"line":132,"column":null}},"type":"if","locations":[{"start":{"line":129,"column":2},"end":{"line":132,"column":null}},{"start":{},"end":{}}],"line":129},"5":{"loc":{"start":{"line":135,"column":32},"end":{"line":135,"column":80}},"type":"binary-expr","locations":[{"start":{"line":135,"column":32},"end":{"line":135,"column":75}},{"start":{"line":135,"column":75},"end":{"line":135,"column":80}}],"line":135},"6":{"loc":{"start":{"line":136,"column":34},"end":{"line":136,"column":98}},"type":"binary-expr","locations":[{"start":{"line":136,"column":34},"end":{"line":136,"column":79}},{"start":{"line":136,"column":79},"end":{"line":136,"column":98}}],"line":136},"7":{"loc":{"start":{"line":166,"column":2},"end":{"line":169,"column":null}},"type":"if","locations":[{"start":{"line":166,"column":2},"end":{"line":169,"column":null}},{"start":{},"end":{}}],"line":166},"8":{"loc":{"start":{"line":168,"column":20},"end":{"line":168,"column":53}},"type":"binary-expr","locations":[{"start":{"line":168,"column":20},"end":{"line":168,"column":39}},{"start":{"line":168,"column":39},"end":{"line":168,"column":53}}],"line":168},"9":{"loc":{"start":{"line":201,"column":8},"end":{"line":205,"column":null}},"type":"if","locations":[{"start":{"line":201,"column":8},"end":{"line":205,"column":null}},{"start":{},"end":{}}],"line":201},"10":{"loc":{"start":{"line":203,"column":27},"end":{"line":203,"column":60}},"type":"binary-expr","locations":[{"start":{"line":203,"column":27},"end":{"line":203,"column":46}},{"start":{"line":203,"column":46},"end":{"line":203,"column":60}}],"line":203},"11":{"loc":{"start":{"line":208,"column":8},"end":{"line":211,"column":null}},"type":"if","locations":[{"start":{"line":208,"column":8},"end":{"line":211,"column":null}},{"start":{},"end":{}}],"line":208},"12":{"loc":{"start":{"line":219,"column":10},"end":{"line":222,"column":null}},"type":"if","locations":[{"start":{"line":219,"column":10},"end":{"line":222,"column":null}},{"start":{},"end":{}}],"line":219},"13":{"loc":{"start":{"line":228,"column":19},"end":{"line":228,"column":null}},"type":"binary-expr","locations":[{"start":{"line":228,"column":19},"end":{"line":228,"column":34}},{"start":{"line":228,"column":34},"end":{"line":228,"column":null}}],"line":228},"14":{"loc":{"start":{"line":231,"column":12},"end":{"line":243,"column":null}},"type":"if","locations":[{"start":{"line":231,"column":12},"end":{"line":243,"column":null}},{"start":{},"end":{}}],"line":231},"15":{"loc":{"start":{"line":236,"column":16},"end":{"line":239,"column":null}},"type":"if","locations":[{"start":{"line":236,"column":16},"end":{"line":239,"column":null}},{"start":{},"end":{}}],"line":236}},"s":{"0":2,"1":2,"2":77,"3":77,"4":77,"5":2,"6":77,"7":2,"8":2,"9":1,"10":1,"11":1,"12":75,"13":34,"14":34,"15":32,"16":23,"17":9,"18":5,"19":4,"20":6,"21":6,"22":6,"23":6,"24":6,"25":6,"26":2,"27":2,"28":4,"29":4,"30":6,"31":6,"32":5,"33":5,"34":2,"35":2,"36":3,"37":11,"38":11,"39":11,"40":10,"41":2,"42":2,"43":2,"44":8,"45":10,"46":1,"47":1,"48":7,"49":7,"50":7,"51":9,"52":9,"53":1,"54":1,"55":8,"56":8,"57":8,"58":9,"59":26,"60":14,"61":14,"62":14,"63":14,"64":6,"65":6,"66":1},"f":{"0":77,"1":2,"2":34,"3":32,"4":6,"5":5,"6":11,"7":11,"8":10,"9":1},"b":{"0":[1,1],"1":[34,2],"2":[23,9],"3":[5,4],"4":[2,4],"5":[4,3],"6":[6,3],"7":[2,3],"8":[2,1],"9":[2,8],"10":[2,1],"11":[1,9],"12":[1,8],"13":[8,7],"14":[14,12],"15":[6,8]},"meta":{"lastBranch":16,"lastFunction":10,"lastStatement":67,"seen":{"s:6:19:6:Infinity":0,"s:7:29:7:Infinity":1,"f:53:22:53:69":0,"s:54:2:75:Infinity":2,"s:55:23:55:Infinity":3,"s:56:20:56:Infinity":4,"f:56:38:56:44":1,"s:56:44:56:64":5,"s:58:21:60:Infinity":6,"s:62:4:62:Infinity":7,"b:64:4:71:Infinity:undefined:undefined:undefined:undefined":0,"s:64:4:71:Infinity":8,"s:65:19:65:Infinity":9,"s:66:6:70:Infinity":10,"s:72:4:72:Infinity":11,"s:74:4:74:Infinity":12,"f:81:16:81:26":2,"s:82:42:93:Infinity":13,"s:94:2:94:Infinity":14,"b:94:9:94:33:94:33:94:Infinity":1,"f:100:16:100:27":3,"b:102:2:102:Infinity:undefined:undefined:undefined:undefined":2,"s:102:2:102:Infinity":15,"s:102:43:102:Infinity":16,"b:103:2:103:Infinity:undefined:undefined:undefined:undefined":3,"s:103:2:103:Infinity":17,"s:103:43:103:Infinity":18,"s:104:2:104:Infinity":19,"f:114:22:114:Infinity":4,"s:119:19:119:Infinity":20,"s:120:2:120:Infinity":21,"s:121:2:121:Infinity":22,"s:122:2:122:Infinity":23,"s:124:19:127:Infinity":24,"b:129:2:132:Infinity:undefined:undefined:undefined:undefined":4,"s:129:2:132:Infinity":25,"s:130:22:130:Infinity":26,"s:131:4:131:Infinity":27,"s:134:15:134:Infinity":28,"s:135:23:135:Infinity":29,"b:135:32:135:75:135:75:135:80":5,"s:136:25:136:Infinity":30,"b:136:34:136:79:136:79:136:98":6,"s:138:2:138:Infinity":31,"f:149:22:149:Infinity":5,"s:155:19:164:Infinity":32,"b:166:2:169:Infinity:undefined:undefined:undefined:undefined":7,"s:166:2:169:Infinity":33,"s:167:22:167:Infinity":34,"s:168:4:168:Infinity":35,"b:168:20:168:39:168:39:168:53":8,"s:171:2:171:Infinity":36,"f:181:22:181:Infinity":6,"s:187:2:248:Infinity":37,"f:187:21:187:22":7,"s:188:17:192:Infinity":38,"s:195:4:247:Infinity":39,"f:200:12:200:19":8,"b:201:8:205:Infinity:undefined:undefined:undefined:undefined":9,"s:201:8:205:Infinity":40,"s:202:28:202:Infinity":41,"s:203:10:203:Infinity":42,"b:203:27:203:46:203:46:203:60":10,"s:204:10:204:Infinity":43,"s:207:23:207:Infinity":44,"b:208:8:211:Infinity:undefined:undefined:undefined:undefined":11,"s:208:8:211:Infinity":45,"s:209:10:209:Infinity":46,"s:210:10:210:Infinity":47,"s:213:24:213:Infinity":48,"s:214:21:214:Infinity":49,"s:216:8:245:Infinity":50,"s:217:34:217:Infinity":51,"b:219:10:222:Infinity:undefined:undefined:undefined:undefined":12,"s:219:10:222:Infinity":52,"s:220:12:220:Infinity":53,"s:221:12:221:Infinity":54,"s:224:10:224:Infinity":55,"s:227:24:227:Infinity":56,"s:228:10:228:Infinity":57,"b:228:19:228:34:228:34:228:Infinity":13,"s:230:10:244:Infinity":58,"b:231:12:243:Infinity:undefined:undefined:undefined:undefined":14,"s:231:12:243:Infinity":59,"s:232:14:242:Infinity":60,"s:233:30:233:Infinity":61,"s:234:16:234:Infinity":62,"b:236:16:239:Infinity:undefined:undefined:undefined:undefined":15,"s:236:16:239:Infinity":63,"s:237:18:237:Infinity":64,"s:238:18:238:Infinity":65,"f:254:16:254:39":9,"s:255:2:255:Infinity":66}}}
}
