TN:
SF:src\cli\batch\scanner.ts
FN:27,scanFiles
FN:65,parseExtensions
FN:66,(anonymous_2)
FNF:3
FNH:3
FNDA:18,scanFiles
FNDA:18,parseExtensions
FNDA:143,(anonymous_2)
DA:28,18
DA:30,16
DA:32,10
DA:33,10
DA:34,7
DA:36,3
DA:39,6
DA:42,5
DA:45,5
DA:49,5
DA:57,1
DA:66,143
DA:72,3
LF:13
LH:13
BRDA:30,0,0,10
BRDA:30,0,1,6
BRDA:33,1,0,7
BRDA:33,1,1,3
BRDA:39,2,0,5
BRDA:39,2,1,1
BRDA:42,3,0,1
BRDA:42,3,1,4
BRDA:45,4,0,1
BRDA:45,4,1,4
BRF:10
BRH:10
end_of_record
TN:
SF:src\cli\codecs\index.ts
FN:116,getEncoder
FN:124,listEncoders
FN:132,getAllEncoders
FN:141,getEncoderByExtension
FN:145,(anonymous_4)
FN:153,getEncoderByMimeType
FN:154,(anonymous_6)
FNF:7
FNH:7
FNDA:16,getEncoder
FNDA:4,listEncoders
FNDA:7,getAllEncoders
FNDA:24,getEncoderByExtension
FNDA:117,(anonymous_4)
FNDA:14,getEncoderByMimeType
FNDA:73,(anonymous_6)
DA:45,2
DA:117,16
DA:125,4
DA:133,7
DA:144,24
DA:145,117
DA:154,73
LF:7
LH:7
BRDA:144,0,0,11
BRDA:144,0,1,13
BRF:2
BRH:2
end_of_record
TN:
SF:src\cli\utils\image-data.ts
FN:66,(anonymous_0)
FNF:1
FNH:1
FNDA:21,(anonymous_0)
DA:16,3
DA:17,3
DA:19,3
DA:21,3
DA:22,3
DA:24,3
DA:25,3
DA:29,3
DA:30,3
DA:72,21
DA:74,12
DA:75,12
DA:77,12
DA:79,12
DA:80,4
DA:84,8
DA:85,4
DA:90,4
DA:91,4
DA:92,4
DA:93,4
DA:96,9
DA:97,9
DA:101,9
DA:102,8
DA:103,8
DA:106,1
DA:107,1
DA:110,9
DA:111,2
DA:115,7
DA:116,1
DA:120,6
DA:121,1
DA:126,5
DA:127,5
DA:128,2
DA:133,3
DA:134,3
DA:135,3
DA:136,3
DA:142,3
DA:143,3
LF:43
LH:43
BRDA:21,0,0,3
BRDA:21,0,1,0
BRDA:24,1,0,3
BRDA:24,1,1,0
BRDA:29,2,0,3
BRDA:29,2,1,0
BRDA:72,3,0,12
BRDA:72,3,1,9
BRDA:77,4,0,1
BRDA:77,4,1,11
BRDA:79,5,0,4
BRDA:79,5,1,8
BRDA:79,6,0,12
BRDA:79,6,1,11
BRDA:84,7,0,4
BRDA:84,7,1,4
BRDA:84,8,0,8
BRDA:84,8,1,7
BRDA:93,9,0,4
BRDA:93,9,1,3
BRDA:101,10,0,8
BRDA:101,10,1,1
BRDA:110,11,0,2
BRDA:110,11,1,7
BRDA:115,12,0,1
BRDA:115,12,1,6
BRDA:115,13,0,7
BRDA:115,13,1,7
BRDA:120,14,0,1
BRDA:120,14,1,5
BRDA:120,15,0,6
BRDA:120,15,1,6
BRDA:127,16,0,2
BRDA:127,16,1,3
BRDA:136,17,0,3
BRDA:136,17,1,2
BRDA:142,18,0,3
BRDA:142,18,1,0
BRF:38
BRH:34
end_of_record
TN:
SF:src\cli\utils\output.ts
FN:30,getOutputFilename
FN:58,getOutputPath
FN:99,writeOutputFile
FN:124,ensureDir
FN:133,makeUniquePath
FN:159,replaceExtension
FNF:6
FNH:6
FNDA:27,getOutputFilename
FNDA:27,getOutputPath
FNDA:6,writeOutputFile
FNDA:5,ensureDir
FNDA:10,makeUniquePath
FNDA:12,replaceExtension
DA:35,27
DA:36,27
DA:37,27
DA:43,27
DA:46,27
DA:48,27
DA:63,27
DA:65,27
DA:68,27
DA:69,18
DA:74,9
DA:75,5
DA:76,5
DA:79,5
DA:81,1
DA:84,4
DA:88,4
DA:105,6
DA:108,6
DA:109,6
DA:112,6
DA:115,6
DA:117,6
DA:125,5
DA:134,10
DA:135,2
DA:138,8
DA:139,8
DA:140,8
DA:142,8
DA:145,8
DA:146,109
DA:147,109
DA:150,8
DA:160,12
DA:161,12
DA:162,12
LF:37
LH:37
BRDA:43,0,0,1
BRDA:43,0,1,26
BRDA:46,1,0,27
BRDA:46,1,1,21
BRDA:61,2,0,27
BRDA:63,3,0,27
BRDA:68,4,0,18
BRDA:68,4,1,9
BRDA:74,5,0,5
BRDA:74,5,1,4
BRDA:74,6,0,9
BRDA:74,6,1,6
BRDA:79,7,0,1
BRDA:79,7,1,4
BRDA:79,8,0,5
BRDA:79,8,1,4
BRDA:103,9,0,6
BRDA:112,10,0,3
BRDA:112,10,1,3
BRDA:134,11,0,2
BRDA:134,11,1,8
BRDA:160,12,0,1
BRDA:160,12,1,11
BRF:23
BRH:23
end_of_record
TN:
SF:src\cli\utils\progress.ts
FN:13,createSpinner
FN:25,formatBytes
FN:67,formatPercent
FN:79,formatSizeDiff
FN:107,createProgressReporter
FN:112,(anonymous_5)
FN:120,(anonymous_6)
FN:133,(anonymous_7)
FN:140,(anonymous_8)
FN:147,(anonymous_9)
FN:161,createSimpleSpinner
FN:174,(anonymous_11)
FN:175,(anonymous_12)
FN:176,(anonymous_13)
FN:177,(anonymous_14)
FN:178,(anonymous_15)
FNF:16
FNH:14
FNDA:1,createSpinner
FNDA:20,formatBytes
FNDA:7,formatPercent
FNDA:4,formatSizeDiff
FNDA:5,createProgressReporter
FNDA:3,(anonymous_5)
FNDA:2,(anonymous_6)
FNDA:1,(anonymous_7)
FNDA:1,(anonymous_8)
FNDA:1,(anonymous_9)
FNDA:2,createSimpleSpinner
FNDA:1,(anonymous_11)
FNDA:1,(anonymous_12)
FNDA:0,(anonymous_13)
FNDA:0,(anonymous_14)
FNDA:1,(anonymous_15)
DA:14,1
DA:26,20
DA:28,18
DA:29,18
DA:31,18
DA:32,18
DA:35,18
DA:40,18
DA:44,18
DA:46,4
DA:47,14
DA:49,3
DA:50,11
DA:52,2
DA:55,9
DA:58,18
DA:68,7
DA:69,6
DA:70,6
DA:80,4
DA:81,4
DA:82,4
DA:83,4
DA:108,5
DA:109,5
DA:111,5
DA:113,3
DA:114,3
DA:121,2
DA:123,1
DA:124,2
DA:126,2
DA:127,1
DA:130,1
DA:134,1
DA:135,1
DA:136,1
DA:141,1
DA:142,1
DA:143,1
DA:148,1
DA:149,1
DA:150,1
DA:168,2
DA:173,2
DA:174,1
DA:175,1
DA:176,0
DA:177,0
DA:179,1
LF:50
LH:48
BRDA:26,0,0,2
BRDA:26,0,1,18
BRDA:44,1,0,4
BRDA:44,1,1,14
BRDA:47,2,0,3
BRDA:47,2,1,11
BRDA:50,3,0,2
BRDA:50,3,1,9
BRDA:58,4,0,4
BRDA:58,4,1,14
BRDA:68,5,0,1
BRDA:68,5,1,6
BRDA:82,6,0,1
BRDA:82,6,1,3
BRDA:121,7,0,1
BRDA:121,7,1,1
BRDA:123,8,0,1
BRDA:123,8,1,0
BRDA:126,9,0,1
BRDA:126,9,1,1
BRDA:134,10,0,1
BRDA:134,10,1,0
BRDA:141,11,0,1
BRDA:141,11,1,0
BRDA:148,12,0,1
BRDA:148,12,1,0
BRF:26
BRH:22
end_of_record
TN:
SF:src\client\lazy-app\BatchProcessor\BatchFileList.tsx
FN:5,formatBytes
FN:13,getStatusIcon
FN:29,getStatusLabel
FN:71,(anonymous_3)
FN:77,(anonymous_4)
FN:86,(anonymous_5)
FN:90,(anonymous_6)
FN:95,(anonymous_7)
FN:180,(anonymous_8)
FN:194,(anonymous_9)
FN:210,(anonymous_10)
FN:236,(anonymous_11)
FNF:12
FNH:12
FNDA:152,formatBytes
FNDA:134,getStatusIcon
FNDA:134,getStatusLabel
FNDA:30,(anonymous_3)
FNDA:2,(anonymous_4)
FNDA:2,(anonymous_5)
FNDA:1,(anonymous_6)
FNDA:134,(anonymous_7)
FNDA:1,(anonymous_8)
FNDA:1,(anonymous_9)
FNDA:58,(anonymous_10)
FNDA:134,(anonymous_11)
DA:6,152
DA:7,148
DA:8,148
DA:9,148
DA:10,148
DA:14,134
DA:16,94
DA:21,18
DA:23,19
DA:25,3
DA:30,134
DA:32,94
DA:34,4
DA:36,6
DA:38,4
DA:40,4
DA:42,19
DA:44,3
DA:59,1
DA:60,1
DA:63,30
DA:68,30
DA:72,30
DA:73,30
DA:77,30
DA:78,2
DA:79,3
DA:82,30
DA:87,2
DA:90,1
DA:91,1
DA:92,1
DA:95,134
DA:96,134
DA:98,134
DA:106,134
DA:180,1
DA:194,1
DA:211,58
DA:212,58
DA:216,58
DA:221,58
DA:223,58
DA:237,134
LF:44
LH:44
BRDA:6,0,0,4
BRDA:6,0,1,148
BRDA:14,1,0,94
BRDA:14,1,1,4
BRDA:14,1,2,10
BRDA:14,1,3,14
BRDA:14,1,4,18
BRDA:14,1,5,19
BRDA:14,1,6,3
BRDA:30,2,0,94
BRDA:30,2,1,4
BRDA:30,2,2,6
BRDA:30,2,3,4
BRDA:30,2,4,4
BRDA:30,2,5,19
BRDA:30,2,6,3
BRDA:72,3,0,30
BRDA:72,3,1,0
BRDA:98,4,0,16
BRDA:98,4,1,118
BRDA:98,5,0,134
BRDA:98,5,1,18
BRDA:116,6,0,134
BRDA:116,6,1,18
BRDA:122,7,0,18
BRDA:122,7,1,16
BRDA:124,8,0,14
BRDA:124,8,1,2
BRDA:126,9,0,14
BRDA:126,9,1,2
BRDA:136,10,0,18
BRDA:136,10,1,116
BRDA:151,11,0,19
BRDA:151,11,1,97
BRDA:158,12,0,3
BRDA:158,12,1,94
BRDA:177,13,0,134
BRDA:177,13,1,19
BRDA:177,13,2,16
BRDA:191,14,0,134
BRDA:191,14,1,115
BRDA:241,15,0,58
BRDA:241,15,1,9
BRF:43
BRH:42
end_of_record
TN:
SF:src\client\lazy-app\BatchProcessor\BatchProgress.tsx
FN:4,formatBytes
FN:25,(anonymous_1)
FNF:2
FNH:2
FNDA:24,formatBytes
FNDA:18,(anonymous_1)
DA:5,24
DA:6,9
DA:7,9
DA:8,9
DA:9,9
DA:25,1
DA:37,18
DA:38,18
DA:40,18
LF:9
LH:9
BRDA:5,0,0,15
BRDA:5,0,1,9
BRDA:37,1,0,17
BRDA:37,1,1,1
BRDA:57,2,0,18
BRDA:57,2,1,8
BRDA:86,3,0,18
BRDA:86,3,1,6
BRDA:88,4,0,2
BRDA:88,4,1,4
BRF:10
BRH:10
end_of_record
TN:
SF:src\client\lazy-app\BatchProcessor\BatchSettings.tsx
FN:47,(anonymous_0)
FN:53,(anonymous_1)
FN:68,(anonymous_2)
FN:70,(anonymous_3)
FN:75,(anonymous_4)
FN:81,(anonymous_5)
FN:95,(anonymous_6)
FN:101,(anonymous_7)
FN:107,(anonymous_8)
FN:111,(anonymous_9)
FN:116,(anonymous_10)
FN:161,(anonymous_11)
FNF:12
FNH:12
FNDA:1,(anonymous_0)
FNDA:4,(anonymous_1)
FNDA:44,(anonymous_2)
FNDA:44,(anonymous_3)
FNDA:1,(anonymous_4)
FNDA:2,(anonymous_5)
FNDA:1,(anonymous_6)
FNDA:1,(anonymous_7)
FNDA:1,(anonymous_8)
FNDA:1,(anonymous_9)
FNDA:88,(anonymous_10)
FNDA:132,(anonymous_11)
DA:46,1
DA:48,1
DA:52,1
DA:54,4
DA:55,1
DA:60,1
DA:64,44
DA:69,44
DA:70,44
DA:71,44
DA:75,1
DA:76,1
DA:77,1
DA:78,1
DA:81,2
DA:82,2
DA:83,2
DA:85,2
DA:92,2
DA:95,1
DA:96,1
DA:101,1
DA:102,1
DA:107,1
DA:108,1
DA:111,1
DA:112,1
DA:113,1
DA:131,88
DA:133,88
DA:134,88
DA:136,88
DA:162,132
LF:33
LH:33
BRDA:54,0,0,1
BRDA:54,0,1,3
BRDA:54,1,0,4
BRDA:54,1,1,1
BRDA:133,2,0,86
BRDA:133,2,1,2
BRDA:134,3,0,88
BRDA:134,3,1,30
BRDA:143,4,0,88
BRDA:143,4,1,4
BRDA:148,5,0,2
BRDA:148,5,1,2
BRDA:155,6,0,44
BRDA:155,6,1,44
BRDA:173,7,0,88
BRDA:173,7,1,86
BRDA:194,8,0,4
BRDA:194,8,1,84
BRDA:216,9,0,4
BRDA:216,9,1,84
BRDA:225,10,0,88
BRDA:225,10,1,12
BRDA:230,11,0,6
BRDA:230,11,1,6
BRDA:231,12,0,6
BRDA:231,12,1,6
BRDA:250,13,0,88
BRDA:250,13,1,82
BRDA:255,14,0,6
BRDA:255,14,1,82
BRDA:257,15,0,6
BRDA:257,15,1,76
BRDA:257,16,0,82
BRDA:257,16,1,12
BRDA:262,17,0,88
BRDA:262,17,1,82
BRDA:262,18,0,88
BRDA:262,18,1,12
BRF:38
BRH:38
end_of_record
TN:
SF:src\client\lazy-app\BatchProcessor\WorkerPool.ts
FN:11,getOptimalWorkerCount
FN:30,(anonymous_1)
FN:37,(anonymous_2)
FN:44,(anonymous_3)
FN:45,(anonymous_4)
FN:51,(anonymous_5)
FN:52,(anonymous_6)
FN:60,(anonymous_7)
FN:62,(anonymous_8)
FN:80,(anonymous_9)
FN:89,(anonymous_10)
FN:104,(anonymous_11)
FN:118,(anonymous_12)
FNF:13
FNH:13
FNDA:4,getOptimalWorkerCount
FNDA:36,(anonymous_1)
FNDA:6,(anonymous_2)
FNDA:12,(anonymous_3)
FNDA:24,(anonymous_4)
FNDA:16,(anonymous_5)
FNDA:31,(anonymous_6)
FNDA:69,(anonymous_7)
FNDA:58,(anonymous_8)
FNDA:23,(anonymous_9)
FNDA:46,(anonymous_10)
FNDA:32,(anonymous_11)
FNDA:4,(anonymous_12)
DA:8,1
DA:12,4
DA:13,4
DA:23,36
DA:27,36
DA:31,36
DA:38,6
DA:45,24
DA:52,31
DA:62,69
DA:63,69
DA:64,4
DA:65,4
DA:69,65
DA:70,42
DA:75,42
DA:76,42
DA:80,23
DA:81,23
DA:90,46
DA:93,46
DA:94,46
DA:95,19
DA:96,19
DA:107,32
DA:108,32
DA:109,32
DA:111,32
DA:120,4
DA:121,4
DA:123,4
DA:124,4
LF:32
LH:32
BRDA:12,0,0,4
BRDA:12,0,1,2
BRDA:31,1,0,36
BRDA:31,1,1,4
BRDA:63,2,0,4
BRDA:63,2,1,65
BRDA:69,3,0,42
BRDA:69,3,1,23
BRDA:94,4,0,19
BRDA:94,4,1,27
BRF:10
BRH:10
end_of_record
TN:
SF:src\client\lazy-app\util\fs-access.ts
FN:49,supportsFileSystemAccess
FN:79,openFilesWithHandles
FN:91,(anonymous_2)
FN:112,saveToHandle
FN:128,filesFromFileList
FN:130,(anonymous_5)
FN:136,supportsFileSystemHandleFromDrop
FN:148,filesFromDataTransfer
FN:157,(anonymous_8)
FN:158,(anonymous_9)
FN:195,canReplaceOriginal
FNF:11
FNH:11
FNDA:8,supportsFileSystemAccess
FNDA:5,openFilesWithHandles
FNDA:2,(anonymous_2)
FNDA:3,saveToHandle
FNDA:4,filesFromFileList
FNDA:3,(anonymous_5)
FNDA:12,supportsFileSystemHandleFromDrop
FNDA:9,filesFromDataTransfer
FNDA:6,(anonymous_8)
FNDA:6,(anonymous_9)
FNDA:9,canReplaceOriginal
DA:50,8
DA:56,1
DA:80,5
DA:81,1
DA:84,4
DA:85,4
DA:90,2
DA:91,2
DA:97,2
DA:100,2
DA:101,1
DA:103,1
DA:116,3
DA:117,2
DA:118,2
DA:120,2
DA:129,4
DA:130,3
DA:137,12
DA:151,9
DA:152,9
DA:155,9
DA:156,5
DA:157,6
DA:159,6
DA:160,6
DA:161,4
DA:162,2
DA:163,2
DA:164,2
DA:170,4
DA:171,4
DA:174,5
DA:175,5
DA:176,6
DA:180,4
DA:181,4
DA:182,3
DA:183,3
DA:188,9
DA:198,9
DA:200,7
DA:202,7
DA:203,6
DA:204,5
DA:207,4
DA:208,3
DA:209,2
DA:211,2
LF:49
LH:49
BRDA:80,0,0,1
BRDA:80,0,1,4
BRDA:100,1,0,1
BRDA:100,1,1,1
BRDA:100,2,0,2
BRDA:100,2,1,2
BRDA:129,3,0,1
BRDA:129,3,1,3
BRDA:138,4,0,12
BRDA:138,4,1,11
BRDA:155,5,0,5
BRDA:155,5,1,4
BRDA:161,6,0,2
BRDA:161,6,1,2
BRDA:161,7,0,4
BRDA:161,7,1,3
BRDA:171,8,0,4
BRDA:171,8,1,0
BRDA:176,9,0,6
BRDA:176,9,1,0
BRDA:181,10,0,3
BRDA:181,10,1,1
BRDA:183,11,0,2
BRDA:183,11,1,1
BRDA:198,12,0,2
BRDA:198,12,1,7
BRDA:202,13,0,1
BRDA:202,13,1,6
BRDA:204,14,0,1
BRDA:204,14,1,4
BRDA:207,15,0,1
BRDA:207,15,1,3
BRF:32
BRH:30
end_of_record
TN:
SF:src\client\lazy-app\util\sharp-server.ts
FN:53,checkSharpServer
FN:56,(anonymous_1)
FN:81,mapFormat
FN:100,getQuality
FN:114,processViaServer
FN:149,processAndSaveViaServer
FN:181,processBatchViaServer
FN:187,(anonymous_7)
FN:200,(anonymous_8)
FN:254,getServerUrl
FNF:10
FNH:10
FNDA:77,checkSharpServer
FNDA:2,(anonymous_1)
FNDA:34,mapFormat
FNDA:32,getQuality
FNDA:6,processViaServer
FNDA:5,processAndSaveViaServer
FNDA:11,processBatchViaServer
FNDA:11,(anonymous_7)
FNDA:10,(anonymous_8)
FNDA:1,getServerUrl
DA:6,2
DA:7,2
DA:54,77
DA:55,77
DA:56,77
DA:58,77
DA:62,2
DA:64,2
DA:65,1
DA:66,1
DA:72,1
DA:74,75
DA:82,34
DA:94,34
DA:102,32
DA:103,9
DA:104,4
DA:119,6
DA:120,6
DA:121,6
DA:122,6
DA:124,6
DA:129,6
DA:130,2
DA:131,2
DA:134,4
DA:135,4
DA:136,6
DA:138,6
DA:155,5
DA:166,5
DA:167,2
DA:168,2
DA:171,3
DA:187,11
DA:188,11
DA:195,11
DA:201,10
DA:202,2
DA:203,2
DA:204,2
DA:207,8
DA:208,10
DA:209,1
DA:210,1
DA:213,7
DA:214,7
DA:216,7
DA:217,9
DA:219,9
DA:220,1
DA:221,1
DA:224,8
DA:227,8
DA:228,8
DA:230,9
DA:231,26
DA:232,14
DA:233,14
DA:234,14
DA:236,14
DA:237,6
DA:238,6
DA:255,1
LF:64
LH:64
BRDA:64,0,0,1
BRDA:64,0,1,1
BRDA:94,1,0,34
BRDA:94,1,1,2
BRDA:102,2,0,23
BRDA:102,2,1,9
BRDA:103,3,0,5
BRDA:103,3,1,4
BRDA:129,4,0,2
BRDA:129,4,1,4
BRDA:135,5,0,4
BRDA:135,5,1,3
BRDA:136,6,0,6
BRDA:136,6,1,3
BRDA:166,7,0,2
BRDA:166,7,1,3
BRDA:168,8,0,2
BRDA:168,8,1,1
BRDA:201,9,0,2
BRDA:201,9,1,8
BRDA:203,10,0,2
BRDA:203,10,1,1
BRDA:208,11,0,1
BRDA:208,11,1,9
BRDA:219,12,0,1
BRDA:219,12,1,8
BRDA:228,13,0,8
BRDA:228,13,1,7
BRDA:231,14,0,14
BRDA:231,14,1,12
BRDA:236,15,0,6
BRDA:236,15,1,8
BRF:32
BRH:32
end_of_record
